Extracting CDS from genome ID 470.775
Extracting CDS from genome ID 470.7751
Extracting CDS from genome ID 470.7752
Extracting CDS from genome ID 470.7753
Extracting CDS from genome ID 470.7754
Extracting CDS from genome ID 470.7755
Extracting CDS from genome ID 470.7756
Extracting CDS from genome ID 470.7757
Extracting CDS from genome ID 470.7758
Extracting CDS from genome ID 470.7759
Extracting CDS from genome ID 470.7760
Extracting CDS from genome ID 470.7761
Extracting CDS from genome ID 470.7762
Extracting CDS from genome ID 470.7763
Extracting CDS from genome ID 470.7764
Extracting CDS from genome ID 470.7765
Extracting CDS from genome ID 470.7766
Extracting CDS from genome ID 470.7767
Extracting CDS from genome ID 470.7768
Extracting CDS from genome ID 470.7769
Extracting CDS from genome ID 470.7770
Extracting CDS from genome ID 470.7771
Extracting CDS from genome ID 470.7772
Extracting CDS from genome ID 470.7773
Extracting CDS from genome ID 470.7774
Extracting CDS from genome ID 470.7775
Extracting CDS from genome ID 470.7776
Extracting CDS from genome ID 470.7777
Extracting CDS from genome ID 470.7778
Extracting CDS from genome ID 470.7779
Extracting CDS from genome ID 470.7780
Extracting CDS from genome ID 470.7781
Extracting CDS from genome ID 470.7782
Extracting CDS from genome ID 470.7783
Extracting CDS from genome ID 470.7784
Extracting CDS from genome ID 470.7785
Extracting CDS from genome ID 470.7786
Extracting CDS from genome ID 470.7787
Extracting CDS from genome ID 470.7788
Extracting CDS from genome ID 470.7789
Extracting CDS from genome ID 470.7790
Extracting CDS from genome ID 470.7791
Extracting CDS from genome ID 470.7792
Extracting CDS from genome ID 470.7793
Extracting CDS from genome ID 470.7794
Extracting CDS from genome ID 470.7795
Extracting CDS from genome ID 470.7796
Extracting CDS from genome ID 470.7797
Extracting CDS from genome ID 470.7798
Extracting CDS from genome ID 470.7799
Extracting CDS from genome ID 470.7800
Extracting CDS from genome ID 470.7801
Extracting CDS from genome ID 470.7802
Extracting CDS from genome ID 470.7803
Extracting CDS from genome ID 470.7804
Extracting CDS from genome ID 470.7805
Extracting CDS from genome ID 470.7806
Extracting CDS from genome ID 470.7807
Extracting CDS from genome ID 470.7808
Extracting CDS from genome ID 470.7809
Extracting CDS from genome ID 470.7810
Extracting CDS from genome ID 470.7811
Extracting CDS from genome ID 470.7812
Extracting CDS from genome ID 470.7813
Extracting CDS from genome ID 470.7814
Extracting CDS from genome ID 470.7815
Extracting CDS from genome ID 470.7816
Extracting CDS from genome ID 470.7817
Extracting CDS from genome ID 470.7818
Extracting CDS from genome ID 470.7819
Extracting CDS from genome ID 470.7820
Extracting CDS from genome ID 470.7821
Extracting CDS from genome ID 470.7822
Extracting CDS from genome ID 470.7823
Extracting CDS from genome ID 470.7824
Extracting CDS from genome ID 470.7825
Extracting CDS from genome ID 470.7826
Extracting CDS from genome ID 470.7827
Extracting CDS from genome ID 470.7828
Extracting CDS from genome ID 470.7829
Extracting CDS from genome ID 470.7830
Extracting CDS from genome ID 470.7831
Extracting CDS from genome ID 470.7832
Extracting CDS from genome ID 470.7833
Extracting CDS from genome ID 470.7834
Extracting CDS from genome ID 470.7835
Extracting CDS from genome ID 470.7836
Extracting CDS from genome ID 470.7837
Extracting CDS from genome ID 470.7838
Extracting CDS from genome ID 470.7840
Extracting CDS from genome ID 470.7841
Extracting CDS from genome ID 470.7842
Extracting CDS from genome ID 470.7843
Extracting CDS from genome ID 470.7844
Extracting CDS from genome ID 470.7845
Extracting CDS from genome ID 470.7846
Extracting CDS from genome ID 470.7847
Extracting CDS from genome ID 470.7848
Extracting CDS from genome ID 470.7849
Extracting CDS from genome ID 470.7850
Extracting CDS from genome ID 470.7851
Extracting CDS from genome ID 470.7852
Extracting CDS from genome ID 470.7853
Extracting CDS from genome ID 470.7854
Extracting CDS from genome ID 470.7855
Extracting CDS from genome ID 470.7856
Extracting CDS from genome ID 470.7857
Extracting CDS from genome ID 470.7858
Extracting CDS from genome ID 470.7859
Extracting CDS from genome ID 470.7860
Extracting CDS from genome ID 470.7861
Extracting CDS from genome ID 470.7862
Extracting CDS from genome ID 470.7863
Extracting CDS from genome ID 470.7864
Extracting CDS from genome ID 470.7865
Extracting CDS from genome ID 470.7866
Extracting CDS from genome ID 470.7867
Extracting CDS from genome ID 470.7868
Extracting CDS from genome ID 470.7869
Extracting CDS from genome ID 470.7870
Extracting CDS from genome ID 470.7871
Extracting CDS from genome ID 470.7872
Extracting CDS from genome ID 470.7873
Extracting CDS from genome ID 470.7874
Extracting CDS from genome ID 470.7875
Extracting CDS from genome ID 470.7876
Extracting CDS from genome ID 470.7877
Extracting CDS from genome ID 470.7878
Extracting CDS from genome ID 470.7879
Extracting CDS from genome ID 470.7880
Extracting CDS from genome ID 470.7881
Extracting CDS from genome ID 470.7882
Extracting CDS from genome ID 470.7883
Extracting CDS from genome ID 470.7884
Extracting CDS from genome ID 470.7885
Extracting CDS from genome ID 470.7886
Extracting CDS from genome ID 470.7887
Extracting CDS from genome ID 470.7888
Extracting CDS from genome ID 470.7889
Extracting CDS from genome ID 470.7890
Extracting CDS from genome ID 470.7891
Extracting CDS from genome ID 470.7892
Extracting CDS from genome ID 470.7893
Extracting CDS from genome ID 470.7894
Extracting CDS from genome ID 470.7895
Extracting CDS from genome ID 470.7897
Extracting CDS from genome ID 470.7898
Extracting CDS from genome ID 470.7899
Extracting CDS from genome ID 470.7900
Extracting CDS from genome ID 470.7901
Extracting CDS from genome ID 470.7902
Extracting CDS from genome ID 470.7903
Extracting CDS from genome ID 470.7904
Extracting CDS from genome ID 470.7905
Extracting CDS from genome ID 470.7906
Extracting CDS from genome ID 470.7907
Extracting CDS from genome ID 470.7908
Extracting CDS from genome ID 470.7909
Extracting CDS from genome ID 470.7910
Extracting CDS from genome ID 470.7911
Extracting CDS from genome ID 470.7912
Extracting CDS from genome ID 470.7913
Extracting CDS from genome ID 470.7914
Extracting CDS from genome ID 470.7915
Extracting CDS from genome ID 470.7916
Extracting CDS from genome ID 470.7917
Extracting CDS from genome ID 470.7918
Extracting CDS from genome ID 470.7919
Extracting CDS from genome ID 470.7920
Extracting CDS from genome ID 470.7921
Extracting CDS from genome ID 470.7922
Extracting CDS from genome ID 470.7923
Extracting CDS from genome ID 470.7924
Extracting CDS from genome ID 470.7925
Extracting CDS from genome ID 470.7926
Extracting CDS from genome ID 470.7927
Extracting CDS from genome ID 470.7928
Extracting CDS from genome ID 470.7929
Extracting CDS from genome ID 470.7930
Extracting CDS from genome ID 470.7931
Extracting CDS from genome ID 470.7932
Extracting CDS from genome ID 470.7933
Extracting CDS from genome ID 470.7934
Extracting CDS from genome ID 470.7935
Extracting CDS from genome ID 470.7936
Extracting CDS from genome ID 470.7937
Extracting CDS from genome ID 470.7938
Extracting CDS from genome ID 470.7939
Extracting CDS from genome ID 470.7940
Extracting CDS from genome ID 470.7941
Extracting CDS from genome ID 470.7942
Extracting CDS from genome ID 470.7943
Extracting CDS from genome ID 470.7944
Extracting CDS from genome ID 470.7945
Extracting CDS from genome ID 470.7946
Extracting CDS from genome ID 470.7947
Extracting CDS from genome ID 470.7948
Extracting CDS from genome ID 470.7949
Extracting CDS from genome ID 470.7950
Extracting CDS from genome ID 470.7951
Extracting CDS from genome ID 470.7952
Extracting CDS from genome ID 470.7953
Extracting CDS from genome ID 470.7954
Extracting CDS from genome ID 470.7955
Extracting CDS from genome ID 470.7956
Extracting CDS from genome ID 470.7957
Extracting CDS from genome ID 470.7958
Extracting CDS from genome ID 470.7959
Extracting CDS from genome ID 470.7960
Extracting CDS from genome ID 470.7961
Extracting CDS from genome ID 470.7962
Extracting CDS from genome ID 470.7963
Extracting CDS from genome ID 470.7964
Extracting CDS from genome ID 470.7965
Extracting CDS from genome ID 470.7966
Extracting CDS from genome ID 470.7967
Extracting CDS from genome ID 470.7968
Extracting CDS from genome ID 470.7969
Extracting CDS from genome ID 470.7970
Extracting CDS from genome ID 470.7971
Extracting CDS from genome ID 470.7972
Extracting CDS from genome ID 470.7973
Extracting CDS from genome ID 470.7974
Extracting CDS from genome ID 470.7975
Extracting CDS from genome ID 470.7976
Extracting CDS from genome ID 470.7977
Extracting CDS from genome ID 470.7978
Extracting CDS from genome ID 470.7979
Extracting CDS from genome ID 470.7980
Extracting CDS from genome ID 470.7981
Extracting CDS from genome ID 470.7982
Extracting CDS from genome ID 470.7983
Extracting CDS from genome ID 470.7984
Extracting CDS from genome ID 470.7985
Extracting CDS from genome ID 470.7986
Extracting CDS from genome ID 470.7987
Extracting CDS from genome ID 470.7988
Extracting CDS from genome ID 470.7989
Extracting CDS from genome ID 470.7990
Extracting CDS from genome ID 470.7991
Extracting CDS from genome ID 470.7992
Extracting CDS from genome ID 470.7993
Extracting CDS from genome ID 470.7994
Extracting CDS from genome ID 470.7995
Extracting CDS from genome ID 470.7996
Extracting CDS from genome ID 470.7997
Extracting CDS from genome ID 470.7998
Extracting CDS from genome ID 470.7999
Extracting CDS from genome ID 470.8000
Extracting CDS from genome ID 470.8001
Extracting CDS from genome ID 470.8002
Extracting CDS from genome ID 470.8003
Extracting CDS from genome ID 470.8004
Extracting CDS from genome ID 470.8005
Extracting CDS from genome ID 470.8006
Extracting CDS from genome ID 470.8007
Extracting CDS from genome ID 470.8008
Extracting CDS from genome ID 470.8009
Extracting CDS from genome ID 470.8010
Extracting CDS from genome ID 470.8011
Extracting CDS from genome ID 470.8012
Extracting CDS from genome ID 470.8013
Extracting CDS from genome ID 470.8014
Extracting CDS from genome ID 470.8015
Extracting CDS from genome ID 470.8016
Extracting CDS from genome ID 470.8017
Extracting CDS from genome ID 470.8018
Extracting CDS from genome ID 470.8019
Extracting CDS from genome ID 470.8020
Extracting CDS from genome ID 470.8021
Extracting CDS from genome ID 470.8022
Extracting CDS from genome ID 470.8023
Extracting CDS from genome ID 470.8024
Extracting CDS from genome ID 470.8025
Extracting CDS from genome ID 470.8026
Extracting CDS from genome ID 470.8027
Extracting CDS from genome ID 470.8028
Extracting CDS from genome ID 470.8029
Extracting CDS from genome ID 470.8030
Extracting CDS from genome ID 470.8031
Extracting CDS from genome ID 470.8032
Extracting CDS from genome ID 470.8033
Extracting CDS from genome ID 470.8034
Extracting CDS from genome ID 470.8035
Extracting CDS from genome ID 470.8036
Extracting CDS from genome ID 470.8037
Extracting CDS from genome ID 470.8038
Extracting CDS from genome ID 470.8039
Extracting CDS from genome ID 470.8040
Extracting CDS from genome ID 470.8041
Extracting CDS from genome ID 470.8042
Extracting CDS from genome ID 470.8043
Extracting CDS from genome ID 470.8044
Extracting CDS from genome ID 470.8045
Extracting CDS from genome ID 470.8046
Extracting CDS from genome ID 470.8047
Extracting CDS from genome ID 470.8048
Extracting CDS from genome ID 470.8049
Extracting CDS from genome ID 470.8050
Extracting CDS from genome ID 470.8051
Extracting CDS from genome ID 470.8052
Extracting CDS from genome ID 470.8053
Extracting CDS from genome ID 470.8054
Extracting CDS from genome ID 470.8055
Extracting CDS from genome ID 470.8056
Extracting CDS from genome ID 470.8057
Extracting CDS from genome ID 470.8058
Extracting CDS from genome ID 470.8059
Extracting CDS from genome ID 470.8060
Extracting CDS from genome ID 470.8061
Extracting CDS from genome ID 470.8062
Extracting CDS from genome ID 470.8063
Extracting CDS from genome ID 470.8064
Extracting CDS from genome ID 470.8065
Extracting CDS from genome ID 470.8066
Extracting CDS from genome ID 470.8067
Extracting CDS from genome ID 470.8068
Extracting CDS from genome ID 470.8069
Extracting CDS from genome ID 470.8070
Extracting CDS from genome ID 470.8071
Extracting CDS from genome ID 470.8072
Extracting CDS from genome ID 470.8074
Extracting CDS from genome ID 470.8075
Extracting CDS from genome ID 470.8076
Extracting CDS from genome ID 470.8077
Extracting CDS from genome ID 470.8078
Extracting CDS from genome ID 470.8079
Extracting CDS from genome ID 470.8080
Extracting CDS from genome ID 470.8081
Extracting CDS from genome ID 470.8082
Extracting CDS from genome ID 470.8083
Extracting CDS from genome ID 470.8084
Extracting CDS from genome ID 470.8085
Extracting CDS from genome ID 470.8086
Extracting CDS from genome ID 470.8087
Extracting CDS from genome ID 470.8088
Extracting CDS from genome ID 470.8089
Extracting CDS from genome ID 470.8090
Extracting CDS from genome ID 470.8091
Extracting CDS from genome ID 470.8092
Extracting CDS from genome ID 470.8093
Extracting CDS from genome ID 470.8094
Extracting CDS from genome ID 470.8095
Extracting CDS from genome ID 470.8096
Extracting CDS from genome ID 470.8097
Extracting CDS from genome ID 470.8098
Extracting CDS from genome ID 470.8099
Extracting CDS from genome ID 470.8100
Extracting CDS from genome ID 470.8101
Extracting CDS from genome ID 470.8102
Extracting CDS from genome ID 470.8103
Extracting CDS from genome ID 470.8104
Extracting CDS from genome ID 470.8105
Extracting CDS from genome ID 470.8106
Extracting CDS from genome ID 470.8107
Extracting CDS from genome ID 470.8108
Extracting CDS from genome ID 470.8112
Extracting CDS from genome ID 470.8113
Extracting CDS from genome ID 470.8114
Extracting CDS from genome ID 470.8116
Extracting CDS from genome ID 470.8117
Extracting CDS from genome ID 470.8118
Extracting CDS from genome ID 470.8120
Extracting CDS from genome ID 470.8121
Extracting CDS from genome ID 470.8122
Extracting CDS from genome ID 470.8123
Extracting CDS from genome ID 470.8124
Extracting CDS from genome ID 470.8125
Extracting CDS from genome ID 470.8126
Extracting CDS from genome ID 470.8127
Extracting CDS from genome ID 470.9836
Extracting CDS from genome ID 470.9844
Extracting CDS from genome ID 470.9851
Extracting CDS from genome ID 470.9853
Extracting CDS from genome ID 470.9883
Extracting CDS from genome ID 470.9884
Extracting CDS from genome ID 470.9941
Extracting CDS from genome ID 470.9967
Extracting CDS from genome ID 470.9969
Extracting CDS from genome ID 470.9974
Extracting CDS from genome ID 470.9976
Extracting CDS from genome ID 470.9978
Extracting CDS from genome ID 470.9979
Extracting CDS from genome ID 470.9981
Extracting CDS from genome ID 470.9984
Extracting CDS from genome ID 470.9985
Extracting CDS from genome ID 470.9987
Extracting CDS from genome ID 480119.5
Extracting CDS from genome ID 497978.4
Extracting CDS from genome ID 509173.8
Extracting CDS from genome ID 575584.18
Extracting CDS from genome ID 696749.3
Extracting CDS from genome ID 886888.3
Extracting CDS from genome ID 889738.3
Extracting CDS from genome ID 903889.3
Extracting CDS from genome ID 903893.3
Extracting CDS from genome ID 903894.3
Extracting CDS from genome ID 903895.3
Extracting CDS from genome ID 903896.3
Extracting CDS from genome ID 903897.3
Extracting CDS from genome ID 903898.3
Extracting CDS from genome ID 903899.3
Extracting CDS from genome ID 903901.3
Extracting CDS from genome ID 903902.3
Extracting CDS from genome ID 903903.3
Extracting CDS from genome ID 903904.3
Extracting CDS from genome ID 903905.3
Extracting CDS from genome ID 903906.3
Extracting CDS from genome ID 903908.3
Extracting CDS from genome ID 903909.3
Extracting CDS from genome ID 903913.3
Extracting CDS from genome ID 903919.3
Extracting CDS from genome ID 903920.3
Extracting CDS from genome ID 903921.3
Extracting CDS from genome ID 903922.3
Extracting CDS from genome ID 903923.3
Extracting CDS from genome ID 903925.3
Extracting CDS from genome ID 903927.3
Extracting CDS from genome ID 903931.3
Extracting CDS from genome ID 903936.3
Extracting CDS from genome ID 933263.3
Extracting CDS from genome ID 933264.3
Extracting CDS from genome ID 980514.3

----- Total Time for CDS Extraction: 51069 seconds-----

______________________________________________________

Runnning Genome Clustering Step for Acinetobacter_baumannii
______________________________________________________

================================================================
Program: CD-HIT, V4.8.1 (+OpenMP), Aug 20 2021, 08:39:56
Command: cd-hit -i
         Acinetobacter_baumannii/Acinetobacter_baumannii_CDS.fasta
         -o
         Acinetobacter_baumannii/Acinetobacter_baumannii.fasta
         -n 5 -c 0.8 -aL 0.8 -M 8000

Started: Sat Apr 20 08:27:16 2024
================================================================
                            Output                              
----------------------------------------------------------------
total seq: 5148478
longest and shortest : 8620 and 20
Total letters: 1550512396
Sequences have been sorted

Approximated minimal memory consumption:
Sequence        : 2240M
Buffer          : 1 X 60M = 60M
Table           : 1 X 129M = 129M
Miscellaneous   : 67M
Total           : 2497M

Table limit with the given memory limit:
Max number of representatives: 4000000
Max number of word counting entries: 687828031

comparing sequences from          0  to    1136288
..........    10000  finished        280  clusters
..........    20000  finished        387  clusters
..........    30000  finished        444  clusters
..........    40000  finished        499  clusters
..........    50000  finished        585  clusters
..........    60000  finished        634  clusters
..........    70000  finished        724  clusters
..........    80000  finished        795  clusters
..........    90000  finished        825  clusters
..........   100000  finished        881  clusters
..........   110000  finished        920  clusters
..........   120000  finished        965  clusters
..........   130000  finished       1026  clusters
..........   140000  finished       1084  clusters
..........   150000  finished       1145  clusters
..........   160000  finished       1170  clusters
..........   170000  finished       1227  clusters
..........   180000  finished       1303  clusters
..........   190000  finished       1345  clusters
..........   200000  finished       1415  clusters
..........   210000  finished       1484  clusters
..........   220000  finished       1518  clusters
..........   230000  finished       1554  clusters
..........   240000  finished       1586  clusters
..........   250000  finished       1663  clusters
..........   260000  finished       1691  clusters
..........   270000  finished       1734  clusters
..........   280000  finished       1781  clusters
..........   290000  finished       1838  clusters
..........   300000  finished       1888  clusters
..........   310000  finished       1957  clusters
..........   320000  finished       2023  clusters
..........   330000  finished       2081  clusters
..........   340000  finished       2115  clusters
..........   350000  finished       2147  clusters
..........   360000  finished       2197  clusters
..........   370000  finished       2233  clusters
..........   380000  finished       2264  clusters
..........   390000  finished       2330  clusters
..........   400000  finished       2372  clusters
..........   410000  finished       2411  clusters
..........   420000  finished       2476  clusters
..........   430000  finished       2563  clusters
..........   440000  finished       2615  clusters
..........   450000  finished       2633  clusters
..........   460000  finished       2656  clusters
..........   470000  finished       2731  clusters
..........   480000  finished       2766  clusters
..........   490000  finished       2819  clusters
..........   500000  finished       2868  clusters
..........   510000  finished       2902  clusters
..........   520000  finished       2938  clusters
..........   530000  finished       2990  clusters
..........   540000  finished       3051  clusters
..........   550000  finished       3090  clusters
..........   560000  finished       3135  clusters
..........   570000  finished       3174  clusters
..........   580000  finished       3212  clusters
..........   590000  finished       3241  clusters
..........   600000  finished       3292  clusters
..........   610000  finished       3336  clusters
..........   620000  finished       3384  clusters
..........   630000  finished       3459  clusters
..........   640000  finished       3484  clusters
..........   650000  finished       3531  clusters
..........   660000  finished       3584  clusters
..........   670000  finished       3604  clusters
..........   680000  finished       3652  clusters
..........   690000  finished       3689  clusters
..........   700000  finished       3712  clusters
..........   710000  finished       3742  clusters
..........   720000  finished       3759  clusters
..........   730000  finished       3795  clusters
..........   740000  finished       3838  clusters
..........   750000  finished       3884  clusters
..........   760000  finished       3915  clusters
..........   770000  finished       3961  clusters
..........   780000  finished       3997  clusters
..........   790000  finished       4025  clusters
..........   800000  finished       4086  clusters
..........   810000  finished       4105  clusters
..........   820000  finished       4146  clusters
..........   830000  finished       4187  clusters
..........   840000  finished       4217  clusters
..........   850000  finished       4248  clusters
..........   860000  finished       4282  clusters
..........   870000  finished       4340  clusters
..........   880000  finished       4369  clusters
..........   890000  finished       4420  clusters
..........   900000  finished       4445  clusters
..........   910000  finished       4469  clusters
..........   920000  finished       4520  clusters
..........   930000  finished       4554  clusters
..........   940000  finished       4601  clusters
..........   950000  finished       4657  clusters
..........   960000  finished       4686  clusters
..........   970000  finished       4745  clusters
..........   980000  finished       4764  clusters
..........   990000  finished       4825  clusters
..........  1000000  finished       4885  clusters
..........  1010000  finished       4937  clusters
..........  1020000  finished       4968  clusters
..........  1030000  finished       4996  clusters
..........  1040000  finished       5030  clusters
..........  1050000  finished       5081  clusters
..........  1060000  finished       5141  clusters
..........  1070000  finished       5178  clusters
..........  1080000  finished       5228  clusters
..........  1090000  finished       5234  clusters
..........  1100000  finished       5282  clusters
..........  1110000  finished       5349  clusters
..........  1120000  finished       5373  clusters
..........  1130000  finished       5411  clusters
comparing sequences from    1136288  to    5148478
..........  1160000  finished       5546  clusters
..........  1170000  finished       5580  clusters
..........  1190000  finished       5685  clusters
..........  1200000  finished       5749  clusters
..........  1220000  finished       5815  clusters
..........  1230000  finished       5855  clusters
..........  1240000  finished       5858  clusters
..........  1250000  finished       5924  clusters
..........  1260000  finished       5964  clusters
..........  1270000  finished       6006  clusters
..........  1280000  finished       6037  clusters
..........  1290000  finished       6079  clusters
..........  1300000  finished       6148  clusters
..........  1310000  finished       6187  clusters
..........  1320000  finished       6224  clusters
..........  1330000  finished       6291  clusters
..........  1340000  finished       6326  clusters
..........  1350000  finished       6409  clusters
..........  1360000  finished       6445  clusters
..........  1370000  finished       6488  clusters
..........  1380000  finished       6522  clusters
..........  1390000  finished       6554  clusters
..........  1400000  finished       6607  clusters
..........  1410000  finished       6644  clusters
..........  1420000  finished       6696  clusters
..........  1430000  finished       6780  clusters
..........  1440000  finished       6821  clusters
..........  1450000  finished       6853  clusters
..........  1460000  finished       6913  clusters
..........  1470000  finished       6946  clusters
..........  1480000  finished       6996  clusters
..........  1490000  finished       7037  clusters
..........  1500000  finished       7093  clusters
..........  1510000  finished       7174  clusters
..........  1520000  finished       7241  clusters
..........  1530000  finished       7293  clusters
..........  1540000  finished       7388  clusters
..........  1550000  finished       7465  clusters
..........  1560000  finished       7500  clusters
..........  1570000  finished       7515  clusters
..........  1580000  finished       7606  clusters
..........  1590000  finished       7679  clusters
..........  1600000  finished       7710  clusters
..........  1610000  finished       7763  clusters
..........  1620000  finished       7837  clusters
..........  1630000  finished       7908  clusters
..........  1640000  finished       7950  clusters
..........  1650000  finished       8011  clusters
..........  1660000  finished       8045  clusters
..........  1670000  finished       8083  clusters
..........  1680000  finished       8154  clusters
..........  1690000  finished       8186  clusters
..........  1700000  finished       8223  clusters
..........  1710000  finished       8275  clusters
..........  1720000  finished       8313  clusters
..........  1730000  finished       8338  clusters
..........  1740000  finished       8370  clusters
..........  1750000  finished       8415  clusters
..........  1760000  finished       8422  clusters
..........  1770000  finished       8466  clusters
..........  1780000  finished       8510  clusters
..........  1790000  finished       8628  clusters
..........  1800000  finished       8690  clusters
..........  1810000  finished       8733  clusters
..........  1820000  finished       8810  clusters
..........  1830000  finished       8863  clusters
..........  1840000  finished       8912  clusters
..........  1850000  finished       8970  clusters
..........  1860000  finished       9027  clusters
..........  1870000  finished       9099  clusters
..........  1880000  finished       9159  clusters
..........  1890000  finished       9220  clusters
..........  1900000  finished       9282  clusters
..........  1910000  finished       9340  clusters
..........  1920000  finished       9397  clusters
..........  1930000  finished       9453  clusters
..........  1940000  finished       9513  clusters
..........  1950000  finished       9568  clusters
..........  1960000  finished       9630  clusters
..........  1970000  finished       9677  clusters
..........  1980000  finished       9689  clusters
..........  1990000  finished       9743  clusters
..........  2000000  finished       9805  clusters
..........  2010000  finished       9840  clusters
..........  2020000  finished       9891  clusters
..........  2030000  finished       9939  clusters
..........  2040000  finished       9995  clusters
..........  2050000  finished      10030  clusters
..........  2060000  finished      10079  clusters
..........  2070000  finished      10138  clusters
..........  2080000  finished      10152  clusters
..........  2090000  finished      10213  clusters
..........  2100000  finished      10249  clusters
..........  2110000  finished      10311  clusters
..........  2120000  finished      10376  clusters
..........  2130000  finished      10409  clusters
..........  2140000  finished      10474  clusters
..........  2150000  finished      10532  clusters
..........  2160000  finished      10601  clusters
..........  2170000  finished      10653  clusters
..........  2180000  finished      10664  clusters
..........  2190000  finished      10725  clusters
..........  2200000  finished      10770  clusters
..........  2210000  finished      10826  clusters
..........  2220000  finished      10893  clusters
..........  2230000  finished      10935  clusters
..........  2240000  finished      10996  clusters
..........  2250000  finished      11049  clusters
..........  2260000  finished      11059  clusters
..........  2270000  finished      11118  clusters
..........  2280000  finished      11165  clusters
..........  2290000  finished      11228  clusters
..........  2300000  finished      11271  clusters
..........  2310000  finished      11327  clusters
..........  2320000  finished      11384  clusters
..........  2330000  finished      11440  clusters
..........  2340000  finished      11462  clusters
..........  2350000  finished      11509  clusters
..........  2360000  finished      11541  clusters
..........  2370000  finished      11608  clusters
..........  2380000  finished      11673  clusters
..........  2390000  finished      11718  clusters
..........  2400000  finished      11766  clusters
..........  2410000  finished      11828  clusters
..........  2420000  finished      11888  clusters
..........  2430000  finished      11900  clusters
..........  2440000  finished      11964  clusters
..........  2450000  finished      12027  clusters
..........  2460000  finished      12096  clusters
..........  2470000  finished      12148  clusters
..........  2480000  finished      12204  clusters
..........  2490000  finished      12259  clusters
..........  2500000  finished      12318  clusters
..........  2510000  finished      12322  clusters
..........  2520000  finished      12390  clusters
..........  2530000  finished      12439  clusters
..........  2540000  finished      12460  clusters
..........  2550000  finished      12520  clusters
..........  2560000  finished      12632  clusters
..........  2570000  finished      12668  clusters
..........  2580000  finished      12735  clusters
..........  2590000  finished      12802  clusters
..........  2600000  finished      12871  clusters
..........  2610000  finished      12939  clusters
..........  2620000  finished      12964  clusters
..........  2630000  finished      13039  clusters
..........  2640000  finished      13079  clusters
..........  2650000  finished      13154  clusters
..........  2660000  finished      13181  clusters
..........  2670000  finished      13260  clusters
..........  2680000  finished      13334  clusters
..........  2690000  finished      13399  clusters
..........  2700000  finished      13493  clusters
..........  2710000  finished      13565  clusters
..........  2720000  finished      13641  clusters
..........  2730000  finished      13695  clusters
..........  2740000  finished      13745  clusters
..........  2750000  finished      13771  clusters
..........  2760000  finished      13848  clusters
..........  2770000  finished      13923  clusters
..........  2780000  finished      14018  clusters
..........  2790000  finished      14064  clusters
..........  2800000  finished      14176  clusters
..........  2810000  finished      14210  clusters
..........  2820000  finished      14302  clusters
..........  2830000  finished      14382  clusters
..........  2840000  finished      14453  clusters
..........  2850000  finished      14513  clusters
..........  2860000  finished      14562  clusters
..........  2870000  finished      14641  clusters
..........  2880000  finished      14709  clusters
..........  2890000  finished      14773  clusters
..........  2900000  finished      14790  clusters
..........  2910000  finished      14851  clusters
..........  2920000  finished      14925  clusters
..........  2930000  finished      14999  clusters
..........  2940000  finished      15023  clusters
..........  2950000  finished      15100  clusters
..........  2960000  finished      15184  clusters
..........  2970000  finished      15255  clusters
..........  2980000  finished      15335  clusters
..........  2990000  finished      15415  clusters
..........  3000000  finished      15472  clusters
..........  3010000  finished      15552  clusters
..........  3020000  finished      15623  clusters
..........  3030000  finished      15702  clusters
..........  3040000  finished      15766  clusters
..........  3050000  finished      15849  clusters
..........  3060000  finished      15919  clusters
..........  3070000  finished      15988  clusters
..........  3080000  finished      16082  clusters
..........  3090000  finished      16098  clusters
..........  3100000  finished      16190  clusters
..........  3110000  finished      16206  clusters
..........  3120000  finished      16296  clusters
..........  3130000  finished      16376  clusters
..........  3140000  finished      16453  clusters
..........  3150000  finished      16473  clusters
..........  3160000  finished      16550  clusters
..........  3170000  finished      16623  clusters
..........  3180000  finished      16639  clusters
..........  3190000  finished      16719  clusters
..........  3200000  finished      16786  clusters
..........  3210000  finished      16808  clusters
..........  3220000  finished      16891  clusters
..........  3230000  finished      16961  clusters
..........  3240000  finished      17051  clusters
..........  3250000  finished      17111  clusters
..........  3260000  finished      17169  clusters
..........  3270000  finished      17233  clusters
..........  3280000  finished      17315  clusters
..........  3290000  finished      17405  clusters
..........  3300000  finished      17486  clusters
..........  3310000  finished      17523  clusters
..........  3320000  finished      17593  clusters
..........  3330000  finished      17684  clusters
..........  3340000  finished      17754  clusters
..........  3350000  finished      17782  clusters
..........  3360000  finished      17925  clusters
..........  3370000  finished      17994  clusters
..........  3380000  finished      18040  clusters
..........  3390000  finished      18122  clusters
..........  3400000  finished      18214  clusters
..........  3410000  finished      18311  clusters
..........  3420000  finished      18326  clusters
..........  3430000  finished      18421  clusters
..........  3440000  finished      18494  clusters
..........  3450000  finished      18558  clusters
..........  3460000  finished      18605  clusters
..........  3470000  finished      18672  clusters
..........  3480000  finished      18723  clusters
..........  3490000  finished      18842  clusters
..........  3500000  finished      18924  clusters
..........  3510000  finished      18948  clusters
..........  3520000  finished      19033  clusters
..........  3530000  finished      19105  clusters
..........  3540000  finished      19153  clusters
..........  3550000  finished      19278  clusters
..........  3560000  finished      19395  clusters
..........  3570000  finished      19421  clusters
..........  3580000  finished      19518  clusters
..........  3590000  finished      19615  clusters
..........  3600000  finished      19681  clusters
..........  3610000  finished      19757  clusters
..........  3620000  finished      19914  clusters
..........  3630000  finished      20038  clusters
..........  3640000  finished      20143  clusters
..........  3650000  finished      20253  clusters
..........  3660000  finished      20327  clusters
..........  3670000  finished      20376  clusters
..........  3680000  finished      20453  clusters
..........  3690000  finished      20539  clusters
..........  3700000  finished      20640  clusters
..........  3710000  finished      20757  clusters
..........  3720000  finished      20856  clusters
..........  3730000  finished      20971  clusters
..........  3740000  finished      21065  clusters
..........  3750000  finished      21150  clusters
..........  3760000  finished      21198  clusters
..........  3770000  finished      21299  clusters
..........  3780000  finished      21311  clusters
..........  3790000  finished      21426  clusters
..........  3800000  finished      21554  clusters
..........  3810000  finished      21664  clusters
..........  3820000  finished      21774  clusters
..........  3830000  finished      21799  clusters
..........  3840000  finished      21894  clusters
..........  3850000  finished      22013  clusters
..........  3860000  finished      22139  clusters
..........  3870000  finished      22225  clusters
..........  3880000  finished      22259  clusters
..........  3890000  finished      22361  clusters
..........  3900000  finished      22479  clusters
..........  3910000  finished      22610  clusters
..........  3920000  finished      22730  clusters
..........  3930000  finished      22834  clusters
..........  3940000  finished      22864  clusters
..........  3950000  finished      22964  clusters
..........  3960000  finished      23020  clusters
..........  3970000  finished      23093  clusters
..........  3980000  finished      23147  clusters
..........  3990000  finished      23198  clusters
..........  4000000  finished      23310  clusters
..........  4010000  finished      23371  clusters
..........  4020000  finished      23457  clusters
..........  4030000  finished      23564  clusters
..........  4040000  finished      23669  clusters
..........  4050000  finished      23726  clusters
..........  4060000  finished      23862  clusters
..........  4070000  finished      23967  clusters
..........  4080000  finished      24069  clusters
..........  4090000  finished      24111  clusters
..........  4100000  finished      24243  clusters
..........  4110000  finished      24373  clusters
..........  4120000  finished      24502  clusters
..........  4130000  finished      24622  clusters
..........  4140000  finished      24672  clusters
..........  4150000  finished      24783  clusters
..........  4160000  finished      24931  clusters
..........  4170000  finished      25014  clusters
..........  4180000  finished      25135  clusters
..........  4190000  finished      25263  clusters
..........  4200000  finished      25381  clusters
..........  4210000  finished      25430  clusters
..........  4220000  finished      25537  clusters
..........  4230000  finished      25593  clusters
..........  4240000  finished      25719  clusters
..........  4250000  finished      25838  clusters
..........  4260000  finished      25963  clusters
..........  4270000  finished      26067  clusters
..........  4280000  finished      26098  clusters
..........  4290000  finished      26227  clusters
..........  4300000  finished      26253  clusters
..........  4310000  finished      26386  clusters
..........  4320000  finished      26508  clusters
..........  4330000  finished      26612  clusters
..........  4340000  finished      26679  clusters
..........  4350000  finished      26811  clusters
..........  4360000  finished      26946  clusters
..........  4370000  finished      27047  clusters
..........  4380000  finished      27242  clusters
..........  4390000  finished      27371  clusters
..........  4400000  finished      27462  clusters
..........  4410000  finished      27522  clusters
..........  4420000  finished      27671  clusters
..........  4430000  finished      27818  clusters
..........  4440000  finished      27953  clusters
..........  4450000  finished      27988  clusters
..........  4460000  finished      28138  clusters
..........  4470000  finished      28282  clusters
..........  4480000  finished      28419  clusters
..........  4490000  finished      28537  clusters
..........  4500000  finished      28609  clusters
..........  4510000  finished      28788  clusters
..........  4520000  finished      28942  clusters
..........  4530000  finished      29105  clusters
..........  4540000  finished      29255  clusters
..........  4550000  finished      29400  clusters
..........  4560000  finished      29516  clusters
..........  4570000  finished      29660  clusters
..........  4580000  finished      29842  clusters
..........  4590000  finished      30026  clusters
..........  4600000  finished      30220  clusters
..........  4610000  finished      30375  clusters
..........  4620000  finished      30431  clusters
..........  4630000  finished      30723  clusters
..........  4640000  finished      30894  clusters
..........  4650000  finished      31070  clusters
..........  4660000  finished      31219  clusters
..........  4670000  finished      31395  clusters
..........  4680000  finished      31556  clusters
..........  4690000  finished      31881  clusters
..........  4700000  finished      32012  clusters
..........  4710000  finished      32235  clusters
..........  4720000  finished      32432  clusters
..........  4730000  finished      32626  clusters
..........  4740000  finished      32800  clusters
..........  4750000  finished      33147  clusters
..........  4760000  finished      33319  clusters
..........  4770000  finished      33499  clusters
..........  4780000  finished      33706  clusters
..........  4790000  finished      33909  clusters
..........  4800000  finished      34068  clusters
..........  4810000  finished      34217  clusters
..........  4820000  finished      34474  clusters
..........  4830000  finished      34591  clusters
..........  4840000  finished      34748  clusters
..........  4850000  finished      34946  clusters
..........  4860000  finished      35294  clusters
..........  4870000  finished      35528  clusters
..........  4880000  finished      35736  clusters
..........  4890000  finished      35956  clusters
..........  4900000  finished      36153  clusters
..........  4910000  finished      36340  clusters
..........  4920000  finished      36579  clusters
..........  4930000  finished      36900  clusters
..........  4940000  finished      37289  clusters
..........  4950000  finished      37550  clusters
..........  4960000  finished      37751  clusters
..........  4970000  finished      38146  clusters
..........  4980000  finished      38549  clusters
..........  4990000  finished      38918  clusters
..........  5000000  finished      39261  clusters
..........  5010000  finished      39613  clusters
..........  5020000  finished      39869  clusters
..........  5030000  finished      40142  clusters
..........  5040000  finished      40405  clusters
..........  5050000  finished      40708  clusters
..........  5060000  finished      41048  clusters
..........  5070000  finished      41374  clusters
..........  5080000  finished      41660  clusters
..........  5090000  finished      42023  clusters
..........  5100000  finished      42364  clusters
..........  5110000  finished      42488  clusters
..........  5120000  finished      42877  clusters
..........  5130000  finished      43126  clusters
..........  5140000  finished      43416  clusters
........
  5148478  finished      43889  clusters

Approximated maximum memory consumption: 2544M
writing new database
writing clustering information
program completed !

Total CPU time 252.57

----- Total Time for Genome Clustering: 257 seconds-----

______________________________________________________

Runnning Pangenome Construction Step for Acinetobacter_baumannii
______________________________________________________


        Working on Acinetobacter_baumannii
______________________________________________________

Fitted parameters: [0.90051273 0.18089521 1.47533432 1.78879209 2.87281432]
Unique Genes cutoff: 7.773419331206288% (104.07554033179538)
Core Genes cutoff: 97.8412926343737% (1298.3755403317953)

== Pangenome Division ==
Core: 2389 (5.443277358791497%)
Accessory: 3349 (7.630613593383308%)
Unique: 38151 (86.9261090478252%)
Total: 43889

== Metrics ==
R-squared: 0.9943955207237819
MAE: 106.3979746950967

======== Pangenome Construction Time for Acinetobacter_baumannii========
                 0.3157644271850586  seconds


----- Total Workflow Run-time: 257 seconds-----
