
______________________________________________________

Extracting CDS from Genome IDs of Escherichia_coli.csv
______________________________________________________

Creating new CDS fasta file for Escherichia_coli.csv
Extracting CDS from genome ID 1328433.3
Extracting CDS from genome ID 1328434.3
Extracting CDS from genome ID 1328437.3
Extracting CDS from genome ID 1328438.3
Extracting CDS from genome ID 1328439.3
Extracting CDS from genome ID 1328440.3
Extracting CDS from genome ID 1328441.3
Extracting CDS from genome ID 1328442.3
Extracting CDS from genome ID 1328443.3
Extracting CDS from genome ID 1328444.3
Extracting CDS from genome ID 1328445.3
Extracting CDS from genome ID 1328446.3
Extracting CDS from genome ID 1328447.3
Extracting CDS from genome ID 1328448.3
Extracting CDS from genome ID 1328449.3
Extracting CDS from genome ID 1328450.3
Extracting CDS from genome ID 1400156.3
Extracting CDS from genome ID 1400157.3
Extracting CDS from genome ID 1400158.3
Extracting CDS from genome ID 1416670.3
Extracting CDS from genome ID 1416671.3
Extracting CDS from genome ID 1416672.3
Extracting CDS from genome ID 1416673.3
Extracting CDS from genome ID 1416674.4
Extracting CDS from genome ID 1416675.3
Extracting CDS from genome ID 1416676.7
Extracting CDS from genome ID 1438668.3
Extracting CDS from genome ID 1438669.3
Extracting CDS from genome ID 1438670.3
Extracting CDS from genome ID 1438671.3
Extracting CDS from genome ID 1438672.3
Extracting CDS from genome ID 1438673.3
Extracting CDS from genome ID 1438674.3
Extracting CDS from genome ID 1438675.3
Extracting CDS from genome ID 1438676.3
Extracting CDS from genome ID 1438677.3
Extracting CDS from genome ID 1438678.3
Extracting CDS from genome ID 1438679.3
Extracting CDS from genome ID 1438680.3
Extracting CDS from genome ID 1438681.3
Extracting CDS from genome ID 1438682.3
Extracting CDS from genome ID 1438683.3
Extracting CDS from genome ID 1438687.3
Extracting CDS from genome ID 1438688.3
Extracting CDS from genome ID 1438689.3
Extracting CDS from genome ID 1438690.4
Extracting CDS from genome ID 1438691.3
Extracting CDS from genome ID 1438693.3
Extracting CDS from genome ID 1438694.3
Extracting CDS from genome ID 1438695.3
Extracting CDS from genome ID 1438696.3
Extracting CDS from genome ID 1445862.3
Extracting CDS from genome ID 1445863.3
Extracting CDS from genome ID 562.10576
Extracting CDS from genome ID 562.12959
Extracting CDS from genome ID 562.12960
Extracting CDS from genome ID 562.12961
Extracting CDS from genome ID 562.12962
Extracting CDS from genome ID 562.13502
Extracting CDS from genome ID 562.13671
Extracting CDS from genome ID 562.16324
Extracting CDS from genome ID 562.16325
Extracting CDS from genome ID 562.16326
Extracting CDS from genome ID 562.16327
Extracting CDS from genome ID 562.16466
Extracting CDS from genome ID 562.17359
Extracting CDS from genome ID 562.17620
Extracting CDS from genome ID 562.17621
Extracting CDS from genome ID 562.17721
Extracting CDS from genome ID 562.17722
Extracting CDS from genome ID 562.19078
Extracting CDS from genome ID 562.19080
Extracting CDS from genome ID 562.19081
Extracting CDS from genome ID 562.19082
Extracting CDS from genome ID 562.19083
Extracting CDS from genome ID 562.19084
Extracting CDS from genome ID 562.19085
Extracting CDS from genome ID 562.19086
Extracting CDS from genome ID 562.19151
Extracting CDS from genome ID 562.19184
Extracting CDS from genome ID 562.19185
Extracting CDS from genome ID 562.19186
Extracting CDS from genome ID 562.19189
Extracting CDS from genome ID 562.19194
Extracting CDS from genome ID 562.19195
Extracting CDS from genome ID 562.19196
Extracting CDS from genome ID 562.19197
Extracting CDS from genome ID 562.19198
Extracting CDS from genome ID 562.19199
Extracting CDS from genome ID 562.19200
Extracting CDS from genome ID 562.19201
Extracting CDS from genome ID 562.19221
Extracting CDS from genome ID 562.19631
Extracting CDS from genome ID 562.19632
Extracting CDS from genome ID 562.19633
Extracting CDS from genome ID 562.19637
Extracting CDS from genome ID 562.19638
Extracting CDS from genome ID 562.19821
Extracting CDS from genome ID 562.19823
Extracting CDS from genome ID 562.20499
Extracting CDS from genome ID 562.21897
Extracting CDS from genome ID 562.21898
Extracting CDS from genome ID 562.21899
Extracting CDS from genome ID 562.22426
Extracting CDS from genome ID 562.22428
Extracting CDS from genome ID 562.22429
Extracting CDS from genome ID 562.22430
Extracting CDS from genome ID 562.22431
Extracting CDS from genome ID 562.22432
Extracting CDS from genome ID 562.22433
Extracting CDS from genome ID 562.22434
Extracting CDS from genome ID 562.22435
Extracting CDS from genome ID 562.22436
Extracting CDS from genome ID 562.22437
Extracting CDS from genome ID 562.22438
Extracting CDS from genome ID 562.22439
Extracting CDS from genome ID 562.22440
Extracting CDS from genome ID 562.22441
Extracting CDS from genome ID 562.22442
Extracting CDS from genome ID 562.22443
Extracting CDS from genome ID 562.22444
Extracting CDS from genome ID 562.22445
Extracting CDS from genome ID 562.22446
Extracting CDS from genome ID 562.22447
Extracting CDS from genome ID 562.22448
Extracting CDS from genome ID 562.22449
Extracting CDS from genome ID 562.22450
Extracting CDS from genome ID 562.22451
Extracting CDS from genome ID 562.22452
Extracting CDS from genome ID 562.22453
Extracting CDS from genome ID 562.22454
Extracting CDS from genome ID 562.22455
Extracting CDS from genome ID 562.22457
Extracting CDS from genome ID 562.22458
Extracting CDS from genome ID 562.22459
Extracting CDS from genome ID 562.22460
Extracting CDS from genome ID 562.22461
Extracting CDS from genome ID 562.22462
Extracting CDS from genome ID 562.22463
Extracting CDS from genome ID 562.22464
Extracting CDS from genome ID 562.22465
Extracting CDS from genome ID 562.22466
Extracting CDS from genome ID 562.22467
Extracting CDS from genome ID 562.22468
Extracting CDS from genome ID 562.22469
Extracting CDS from genome ID 562.22470
Extracting CDS from genome ID 562.22471
Extracting CDS from genome ID 562.22472
Extracting CDS from genome ID 562.22473
Extracting CDS from genome ID 562.22474
Extracting CDS from genome ID 562.22476
Extracting CDS from genome ID 562.22477
Extracting CDS from genome ID 562.22478
Extracting CDS from genome ID 562.22479
Extracting CDS from genome ID 562.22480
Extracting CDS from genome ID 562.22481
Extracting CDS from genome ID 562.22482
Extracting CDS from genome ID 562.22483
Extracting CDS from genome ID 562.22484
Extracting CDS from genome ID 562.22485
Extracting CDS from genome ID 562.22486
Extracting CDS from genome ID 562.22487
Extracting CDS from genome ID 562.22488
Extracting CDS from genome ID 562.22489
Extracting CDS from genome ID 562.22490
Extracting CDS from genome ID 562.22491
Extracting CDS from genome ID 562.22492
Extracting CDS from genome ID 562.22493
Extracting CDS from genome ID 562.22494
Extracting CDS from genome ID 562.22495
Extracting CDS from genome ID 562.22496
Extracting CDS from genome ID 562.22497
Extracting CDS from genome ID 562.22498
Extracting CDS from genome ID 562.22499
Extracting CDS from genome ID 562.22500
Extracting CDS from genome ID 562.22501
Extracting CDS from genome ID 562.22502
Extracting CDS from genome ID 562.22503
Extracting CDS from genome ID 562.22504
Extracting CDS from genome ID 562.22505
Extracting CDS from genome ID 562.22506
Extracting CDS from genome ID 562.22507
Extracting CDS from genome ID 562.22508
Extracting CDS from genome ID 562.22509
Extracting CDS from genome ID 562.22510
Extracting CDS from genome ID 562.22511
Extracting CDS from genome ID 562.22512
Extracting CDS from genome ID 562.22513
Extracting CDS from genome ID 562.22514
Extracting CDS from genome ID 562.22515
Extracting CDS from genome ID 562.22516
Extracting CDS from genome ID 562.22517
Extracting CDS from genome ID 562.22518
Extracting CDS from genome ID 562.22519
Extracting CDS from genome ID 562.22520
Extracting CDS from genome ID 562.22521
Extracting CDS from genome ID 562.22522
Extracting CDS from genome ID 562.22523
Extracting CDS from genome ID 562.22524
Extracting CDS from genome ID 562.22525
Extracting CDS from genome ID 562.22526
Extracting CDS from genome ID 562.22527
Extracting CDS from genome ID 562.22528
Extracting CDS from genome ID 562.22529
Extracting CDS from genome ID 562.22530
Extracting CDS from genome ID 562.22531
Extracting CDS from genome ID 562.22532
Extracting CDS from genome ID 562.22533
Extracting CDS from genome ID 562.22534
Extracting CDS from genome ID 562.22535
Extracting CDS from genome ID 562.22536
Extracting CDS from genome ID 562.22537
Extracting CDS from genome ID 562.22538
Extracting CDS from genome ID 562.22539
Extracting CDS from genome ID 562.22540
Extracting CDS from genome ID 562.22541
Extracting CDS from genome ID 562.22542
Extracting CDS from genome ID 562.22543
Extracting CDS from genome ID 562.22544
Extracting CDS from genome ID 562.22545
Extracting CDS from genome ID 562.22546
Extracting CDS from genome ID 562.22547
Extracting CDS from genome ID 562.22548
Extracting CDS from genome ID 562.22549
Extracting CDS from genome ID 562.22550
Extracting CDS from genome ID 562.22551
Extracting CDS from genome ID 562.22552
Extracting CDS from genome ID 562.22553
Extracting CDS from genome ID 562.22554
Extracting CDS from genome ID 562.22555
Extracting CDS from genome ID 562.22556
Extracting CDS from genome ID 562.22557
Extracting CDS from genome ID 562.22558
Extracting CDS from genome ID 562.22559
Extracting CDS from genome ID 562.22560
Extracting CDS from genome ID 562.22561
Extracting CDS from genome ID 562.22562
Extracting CDS from genome ID 562.22563
Extracting CDS from genome ID 562.22564
Extracting CDS from genome ID 562.22565
Extracting CDS from genome ID 562.22566
Extracting CDS from genome ID 562.22567
Extracting CDS from genome ID 562.22568
Extracting CDS from genome ID 562.22569
Extracting CDS from genome ID 562.22570
Extracting CDS from genome ID 562.22571
Extracting CDS from genome ID 562.22572
Extracting CDS from genome ID 562.22573
Extracting CDS from genome ID 562.22574
Extracting CDS from genome ID 562.22576
Extracting CDS from genome ID 562.22577
Extracting CDS from genome ID 562.22578
Extracting CDS from genome ID 562.22579
Extracting CDS from genome ID 562.22580
Extracting CDS from genome ID 562.22581
Extracting CDS from genome ID 562.22582
Extracting CDS from genome ID 562.22583
Extracting CDS from genome ID 562.22584
Extracting CDS from genome ID 562.22585
Extracting CDS from genome ID 562.22586
Extracting CDS from genome ID 562.22587
Extracting CDS from genome ID 562.22588
Extracting CDS from genome ID 562.22589
Extracting CDS from genome ID 562.22590
Extracting CDS from genome ID 562.22591
Extracting CDS from genome ID 562.22592
Extracting CDS from genome ID 562.22593
Extracting CDS from genome ID 562.22594
Extracting CDS from genome ID 562.22595
Extracting CDS from genome ID 562.22596
Extracting CDS from genome ID 562.22597
Extracting CDS from genome ID 562.22598
Extracting CDS from genome ID 562.22599
Extracting CDS from genome ID 562.22600
Extracting CDS from genome ID 562.22601
Extracting CDS from genome ID 562.22602
Extracting CDS from genome ID 562.22603
Extracting CDS from genome ID 562.22604
Extracting CDS from genome ID 562.22605
Extracting CDS from genome ID 562.22606
Extracting CDS from genome ID 562.22607
Extracting CDS from genome ID 562.22608
Extracting CDS from genome ID 562.22609
Extracting CDS from genome ID 562.22610
Extracting CDS from genome ID 562.22611
Extracting CDS from genome ID 562.22612
Extracting CDS from genome ID 562.22613
Extracting CDS from genome ID 562.22614
Extracting CDS from genome ID 562.22615
Extracting CDS from genome ID 562.22617
Extracting CDS from genome ID 562.22618
Extracting CDS from genome ID 562.22619
Extracting CDS from genome ID 562.22620
Extracting CDS from genome ID 562.22621
Extracting CDS from genome ID 562.22622
Extracting CDS from genome ID 562.22623
Extracting CDS from genome ID 562.22624
Extracting CDS from genome ID 562.22625
Extracting CDS from genome ID 562.22626
Extracting CDS from genome ID 562.22627
Extracting CDS from genome ID 562.22628
Extracting CDS from genome ID 562.22629
Extracting CDS from genome ID 562.22630
Extracting CDS from genome ID 562.22631
Extracting CDS from genome ID 562.22632
Extracting CDS from genome ID 562.22633
Extracting CDS from genome ID 562.22634
Extracting CDS from genome ID 562.22635
Extracting CDS from genome ID 562.22636
Extracting CDS from genome ID 562.22637
Extracting CDS from genome ID 562.22638
Extracting CDS from genome ID 562.22639
Extracting CDS from genome ID 562.22640
Extracting CDS from genome ID 562.22641
Extracting CDS from genome ID 562.22642
Extracting CDS from genome ID 562.22643
Extracting CDS from genome ID 562.22644
Extracting CDS from genome ID 562.22645
Extracting CDS from genome ID 562.22646
Extracting CDS from genome ID 562.22647
Extracting CDS from genome ID 562.22648
Extracting CDS from genome ID 562.22649
Extracting CDS from genome ID 562.22650
Extracting CDS from genome ID 562.22651
Extracting CDS from genome ID 562.22652
Extracting CDS from genome ID 562.22653
Extracting CDS from genome ID 562.22654
Extracting CDS from genome ID 562.22655
Extracting CDS from genome ID 562.22656
Extracting CDS from genome ID 562.22657
Extracting CDS from genome ID 562.22658
Extracting CDS from genome ID 562.22659
Extracting CDS from genome ID 562.22660
Extracting CDS from genome ID 562.22661
Extracting CDS from genome ID 562.22662
Extracting CDS from genome ID 562.22663
Extracting CDS from genome ID 562.22664
Extracting CDS from genome ID 562.22665
Extracting CDS from genome ID 562.22666
Extracting CDS from genome ID 562.22667
Extracting CDS from genome ID 562.22668
Extracting CDS from genome ID 562.22669
Extracting CDS from genome ID 562.22670
Extracting CDS from genome ID 562.22671
Extracting CDS from genome ID 562.22672
Extracting CDS from genome ID 562.22673
Extracting CDS from genome ID 562.22674
Extracting CDS from genome ID 562.22675
Extracting CDS from genome ID 562.22676
Extracting CDS from genome ID 562.22677
Extracting CDS from genome ID 562.22678
Extracting CDS from genome ID 562.22679
Extracting CDS from genome ID 562.22680
Extracting CDS from genome ID 562.22681
Extracting CDS from genome ID 562.22682
Extracting CDS from genome ID 562.22683
Extracting CDS from genome ID 562.22684
Extracting CDS from genome ID 562.22685
Extracting CDS from genome ID 562.22686
Extracting CDS from genome ID 562.22687
Extracting CDS from genome ID 562.22688
Extracting CDS from genome ID 562.22689
Extracting CDS from genome ID 562.22690
Extracting CDS from genome ID 562.22691
Extracting CDS from genome ID 562.22692
Extracting CDS from genome ID 562.22693
Extracting CDS from genome ID 562.22694
Extracting CDS from genome ID 562.22695
Extracting CDS from genome ID 562.22696
Extracting CDS from genome ID 562.22697
Extracting CDS from genome ID 562.22698
Extracting CDS from genome ID 562.22699
Extracting CDS from genome ID 562.22700
Extracting CDS from genome ID 562.22701
Extracting CDS from genome ID 562.22702
Extracting CDS from genome ID 562.22703
Extracting CDS from genome ID 562.22704
Extracting CDS from genome ID 562.22705
Extracting CDS from genome ID 562.22706
Extracting CDS from genome ID 562.22707
Extracting CDS from genome ID 562.22708
Extracting CDS from genome ID 562.22709
Extracting CDS from genome ID 562.22710
Extracting CDS from genome ID 562.22711
Extracting CDS from genome ID 562.22712
Extracting CDS from genome ID 562.22713
Extracting CDS from genome ID 562.22714
Extracting CDS from genome ID 562.22715
Extracting CDS from genome ID 562.22716
Extracting CDS from genome ID 562.22717
Extracting CDS from genome ID 562.22718
Extracting CDS from genome ID 562.22719
Extracting CDS from genome ID 562.22720
Extracting CDS from genome ID 562.22721
Extracting CDS from genome ID 562.22722
Extracting CDS from genome ID 562.22723
Extracting CDS from genome ID 562.22724
Extracting CDS from genome ID 562.22725
Extracting CDS from genome ID 562.22726
Extracting CDS from genome ID 562.22727
Extracting CDS from genome ID 562.22728
Extracting CDS from genome ID 562.22729
Extracting CDS from genome ID 562.22730
Extracting CDS from genome ID 562.22731
Extracting CDS from genome ID 562.22732
Extracting CDS from genome ID 562.22733
Extracting CDS from genome ID 562.22734
Extracting CDS from genome ID 562.22735
Extracting CDS from genome ID 562.22736
Extracting CDS from genome ID 562.22737
Extracting CDS from genome ID 562.22738
Extracting CDS from genome ID 562.22740
Extracting CDS from genome ID 562.22741
Extracting CDS from genome ID 562.22742
Extracting CDS from genome ID 562.22743
Extracting CDS from genome ID 562.22744
Extracting CDS from genome ID 562.22745
Extracting CDS from genome ID 562.22746
Extracting CDS from genome ID 562.22747
Extracting CDS from genome ID 562.22748
Extracting CDS from genome ID 562.22749
Extracting CDS from genome ID 562.22750
Extracting CDS from genome ID 562.22751
Extracting CDS from genome ID 562.22752
Extracting CDS from genome ID 562.22753
Extracting CDS from genome ID 562.22754
Extracting CDS from genome ID 562.22755
Extracting CDS from genome ID 562.22756
Extracting CDS from genome ID 562.22757
Extracting CDS from genome ID 562.22758
Extracting CDS from genome ID 562.22759
Extracting CDS from genome ID 562.22760
Extracting CDS from genome ID 562.22761
Extracting CDS from genome ID 562.22762
Extracting CDS from genome ID 562.22763
Extracting CDS from genome ID 562.22764
Extracting CDS from genome ID 562.22765
Extracting CDS from genome ID 562.22766
Extracting CDS from genome ID 562.22767
Extracting CDS from genome ID 562.22768
Extracting CDS from genome ID 562.22769
Extracting CDS from genome ID 562.22770
Extracting CDS from genome ID 562.22771
Extracting CDS from genome ID 562.22772
Extracting CDS from genome ID 562.22773
Extracting CDS from genome ID 562.22774
Extracting CDS from genome ID 562.22775
Extracting CDS from genome ID 562.22776
Extracting CDS from genome ID 562.22777
Extracting CDS from genome ID 562.22778
Extracting CDS from genome ID 562.22779
Extracting CDS from genome ID 562.22780
Extracting CDS from genome ID 562.22781
Extracting CDS from genome ID 562.22782
Extracting CDS from genome ID 562.22783
Extracting CDS from genome ID 562.22784
Extracting CDS from genome ID 562.22785
Extracting CDS from genome ID 562.22786
Extracting CDS from genome ID 562.22787
Extracting CDS from genome ID 562.22788
Extracting CDS from genome ID 562.22789
Extracting CDS from genome ID 562.22790
Extracting CDS from genome ID 562.22791
Extracting CDS from genome ID 562.22792
Extracting CDS from genome ID 562.22793
Extracting CDS from genome ID 562.22794
Extracting CDS from genome ID 562.22795
Extracting CDS from genome ID 562.22796
Extracting CDS from genome ID 562.22797
Extracting CDS from genome ID 562.22798
Extracting CDS from genome ID 562.22799
Extracting CDS from genome ID 562.22800
Extracting CDS from genome ID 562.22801
Extracting CDS from genome ID 562.22802
Extracting CDS from genome ID 562.22803
Extracting CDS from genome ID 562.22804
Extracting CDS from genome ID 562.22805
Extracting CDS from genome ID 562.22806
Extracting CDS from genome ID 562.22807
Extracting CDS from genome ID 562.22808
Extracting CDS from genome ID 562.22809
Extracting CDS from genome ID 562.22810
Extracting CDS from genome ID 562.22811
Extracting CDS from genome ID 562.22812
Extracting CDS from genome ID 562.22813
Extracting CDS from genome ID 562.22814
Extracting CDS from genome ID 562.22815
Extracting CDS from genome ID 562.22816
Extracting CDS from genome ID 562.22817
Extracting CDS from genome ID 562.22818
Extracting CDS from genome ID 562.22819
Extracting CDS from genome ID 562.22820
Extracting CDS from genome ID 562.22821
Extracting CDS from genome ID 562.22822
Extracting CDS from genome ID 562.22823
Extracting CDS from genome ID 562.22824
Extracting CDS from genome ID 562.22825
Extracting CDS from genome ID 562.22826
Extracting CDS from genome ID 562.22827
Extracting CDS from genome ID 562.22828
Extracting CDS from genome ID 562.22829
Extracting CDS from genome ID 562.22830
Extracting CDS from genome ID 562.22831
Extracting CDS from genome ID 562.22832
Extracting CDS from genome ID 562.22833
Extracting CDS from genome ID 562.22834
Extracting CDS from genome ID 562.22835
Extracting CDS from genome ID 562.22836
Extracting CDS from genome ID 562.22837
Extracting CDS from genome ID 562.22838
Extracting CDS from genome ID 562.22839
Extracting CDS from genome ID 562.22840
Extracting CDS from genome ID 562.22841
Extracting CDS from genome ID 562.22842
Extracting CDS from genome ID 562.22843
Extracting CDS from genome ID 562.22844
Extracting CDS from genome ID 562.22845
Extracting CDS from genome ID 562.22846
Extracting CDS from genome ID 562.22847
Extracting CDS from genome ID 562.22848
Extracting CDS from genome ID 562.22849
Extracting CDS from genome ID 562.22850
Extracting CDS from genome ID 562.22851
Extracting CDS from genome ID 562.22852
Extracting CDS from genome ID 562.22853
Extracting CDS from genome ID 562.22854
Extracting CDS from genome ID 562.22855
Extracting CDS from genome ID 562.22856
Extracting CDS from genome ID 562.22857
Extracting CDS from genome ID 562.22858
Extracting CDS from genome ID 562.22859
Extracting CDS from genome ID 562.22860
Extracting CDS from genome ID 562.22861
Extracting CDS from genome ID 562.22862
Extracting CDS from genome ID 562.22863
Extracting CDS from genome ID 562.22864
Extracting CDS from genome ID 562.22865
Extracting CDS from genome ID 562.22866
Extracting CDS from genome ID 562.22867
Extracting CDS from genome ID 562.22868
Extracting CDS from genome ID 562.22869
Extracting CDS from genome ID 562.22870
Extracting CDS from genome ID 562.22871
Extracting CDS from genome ID 562.22872
Extracting CDS from genome ID 562.22873
Extracting CDS from genome ID 562.22874
Extracting CDS from genome ID 562.22875
Extracting CDS from genome ID 562.22876
Extracting CDS from genome ID 562.22877
Extracting CDS from genome ID 562.22878
Extracting CDS from genome ID 562.22879
Extracting CDS from genome ID 562.22880
Extracting CDS from genome ID 562.22881
Extracting CDS from genome ID 562.22882
Extracting CDS from genome ID 562.22883
Extracting CDS from genome ID 562.22884
Extracting CDS from genome ID 562.22885
Extracting CDS from genome ID 562.22886
Extracting CDS from genome ID 562.22887
Extracting CDS from genome ID 562.22888
Extracting CDS from genome ID 562.22889
Extracting CDS from genome ID 562.22890
Extracting CDS from genome ID 562.22891
Extracting CDS from genome ID 562.22892
Extracting CDS from genome ID 562.22893
Extracting CDS from genome ID 562.22894
Extracting CDS from genome ID 562.22895
Extracting CDS from genome ID 562.22896
Extracting CDS from genome ID 562.22897
Extracting CDS from genome ID 562.22898
Extracting CDS from genome ID 562.22899
Extracting CDS from genome ID 562.22900
Extracting CDS from genome ID 562.22901
Extracting CDS from genome ID 562.22902
Extracting CDS from genome ID 562.22903
Extracting CDS from genome ID 562.22904
Extracting CDS from genome ID 562.22905
Extracting CDS from genome ID 562.22906
Extracting CDS from genome ID 562.22907
Extracting CDS from genome ID 562.22908
Extracting CDS from genome ID 562.22909
Extracting CDS from genome ID 562.22910
Extracting CDS from genome ID 562.22911
Extracting CDS from genome ID 562.22912
Extracting CDS from genome ID 562.22913
Extracting CDS from genome ID 562.22914
Extracting CDS from genome ID 562.22915
Extracting CDS from genome ID 562.22916
Extracting CDS from genome ID 562.22917
Extracting CDS from genome ID 562.22918
Extracting CDS from genome ID 562.22919
Extracting CDS from genome ID 562.22920
Extracting CDS from genome ID 562.22921
Extracting CDS from genome ID 562.22922
Extracting CDS from genome ID 562.22923
Extracting CDS from genome ID 562.22924
Extracting CDS from genome ID 562.22925
Extracting CDS from genome ID 562.22926
Extracting CDS from genome ID 562.22927
Extracting CDS from genome ID 562.22928
Extracting CDS from genome ID 562.22929
Extracting CDS from genome ID 562.22930
Extracting CDS from genome ID 562.22931
Extracting CDS from genome ID 562.22932
Extracting CDS from genome ID 562.22933
Extracting CDS from genome ID 562.22934
Extracting CDS from genome ID 562.22935
Extracting CDS from genome ID 562.22936
Extracting CDS from genome ID 562.22937
Extracting CDS from genome ID 562.22938
Extracting CDS from genome ID 562.22939
Extracting CDS from genome ID 562.22940
Extracting CDS from genome ID 562.22941
Extracting CDS from genome ID 562.22942
Extracting CDS from genome ID 562.22943
Extracting CDS from genome ID 562.22944
Extracting CDS from genome ID 562.22945
Extracting CDS from genome ID 562.22946
Extracting CDS from genome ID 562.22947
Extracting CDS from genome ID 562.22948
Extracting CDS from genome ID 562.22949
Extracting CDS from genome ID 562.22950
Extracting CDS from genome ID 562.22951
Extracting CDS from genome ID 562.22952
Extracting CDS from genome ID 562.22953
Extracting CDS from genome ID 562.22954
Extracting CDS from genome ID 562.22955
Extracting CDS from genome ID 562.22956
Extracting CDS from genome ID 562.22957
Extracting CDS from genome ID 562.22958
Extracting CDS from genome ID 562.22959
Extracting CDS from genome ID 562.22960
Extracting CDS from genome ID 562.22961
Extracting CDS from genome ID 562.22962
Extracting CDS from genome ID 562.22963
Extracting CDS from genome ID 562.22964
Extracting CDS from genome ID 562.22965
Extracting CDS from genome ID 562.22966
Extracting CDS from genome ID 562.22967
Extracting CDS from genome ID 562.22968
Extracting CDS from genome ID 562.22969
Extracting CDS from genome ID 562.22970
Extracting CDS from genome ID 562.22971
Extracting CDS from genome ID 562.22972
Extracting CDS from genome ID 562.22973
Extracting CDS from genome ID 562.22974
Extracting CDS from genome ID 562.22975
Extracting CDS from genome ID 562.22976
Extracting CDS from genome ID 562.22977
Extracting CDS from genome ID 562.22978
Extracting CDS from genome ID 562.22979
Extracting CDS from genome ID 562.22980
Extracting CDS from genome ID 562.22981
Extracting CDS from genome ID 562.22982
Extracting CDS from genome ID 562.22983
Extracting CDS from genome ID 562.22984
Extracting CDS from genome ID 562.22985
Extracting CDS from genome ID 562.22986
Extracting CDS from genome ID 562.22987
Extracting CDS from genome ID 562.22988
Extracting CDS from genome ID 562.22989
Extracting CDS from genome ID 562.22990
Extracting CDS from genome ID 562.22991
Extracting CDS from genome ID 562.22992
Extracting CDS from genome ID 562.22993
Extracting CDS from genome ID 562.22994
Extracting CDS from genome ID 562.22995
Extracting CDS from genome ID 562.22996
Extracting CDS from genome ID 562.22997
Extracting CDS from genome ID 562.22998
Extracting CDS from genome ID 562.22999
Extracting CDS from genome ID 562.23000
Extracting CDS from genome ID 562.23001
Extracting CDS from genome ID 562.23002
Extracting CDS from genome ID 562.23003
Extracting CDS from genome ID 562.23004
Extracting CDS from genome ID 562.23005
Extracting CDS from genome ID 562.23006
Extracting CDS from genome ID 562.23007
Extracting CDS from genome ID 562.23008
Extracting CDS from genome ID 562.23009
Extracting CDS from genome ID 562.23010
Extracting CDS from genome ID 562.23011
Extracting CDS from genome ID 562.23012
Extracting CDS from genome ID 562.23013
Extracting CDS from genome ID 562.23014
Extracting CDS from genome ID 562.23015
Extracting CDS from genome ID 562.23016
Extracting CDS from genome ID 562.23017
Extracting CDS from genome ID 562.23018
Extracting CDS from genome ID 562.23019
Extracting CDS from genome ID 562.23020
Extracting CDS from genome ID 562.23021
Extracting CDS from genome ID 562.23022
Extracting CDS from genome ID 562.23023
Extracting CDS from genome ID 562.23024
Extracting CDS from genome ID 562.23025
Extracting CDS from genome ID 562.23026
Extracting CDS from genome ID 562.23027
Extracting CDS from genome ID 562.23028
Extracting CDS from genome ID 562.23029
Extracting CDS from genome ID 562.23030
Extracting CDS from genome ID 562.23031
Extracting CDS from genome ID 562.23032
Extracting CDS from genome ID 562.23033
Extracting CDS from genome ID 562.23034
Extracting CDS from genome ID 562.23035
Extracting CDS from genome ID 562.23036
Extracting CDS from genome ID 562.23037
Extracting CDS from genome ID 562.23038
Extracting CDS from genome ID 562.23039
Extracting CDS from genome ID 562.23040
Extracting CDS from genome ID 562.23041
Extracting CDS from genome ID 562.23042
Extracting CDS from genome ID 562.23043
Extracting CDS from genome ID 562.23044
Extracting CDS from genome ID 562.23045
Extracting CDS from genome ID 562.23046
Extracting CDS from genome ID 562.23047
Extracting CDS from genome ID 562.23048
Extracting CDS from genome ID 562.23049
Extracting CDS from genome ID 562.23050
Extracting CDS from genome ID 562.23051
Extracting CDS from genome ID 562.23052
Extracting CDS from genome ID 562.23053
Extracting CDS from genome ID 562.23054
Extracting CDS from genome ID 562.23055
Extracting CDS from genome ID 562.23056
Extracting CDS from genome ID 562.23057
Extracting CDS from genome ID 562.23058
Extracting CDS from genome ID 562.23059
Extracting CDS from genome ID 562.23060
Extracting CDS from genome ID 562.23061
Extracting CDS from genome ID 562.23062
Extracting CDS from genome ID 562.23063
Extracting CDS from genome ID 562.23064
Extracting CDS from genome ID 562.23065
Extracting CDS from genome ID 562.23066
Extracting CDS from genome ID 562.23067
Extracting CDS from genome ID 562.23068
Extracting CDS from genome ID 562.23069
Extracting CDS from genome ID 562.23070
Extracting CDS from genome ID 562.23071
Extracting CDS from genome ID 562.23072
Extracting CDS from genome ID 562.23073
Extracting CDS from genome ID 562.23074
Extracting CDS from genome ID 562.23075
Extracting CDS from genome ID 562.23076
Extracting CDS from genome ID 562.23077
Extracting CDS from genome ID 562.23078
Extracting CDS from genome ID 562.23079
Extracting CDS from genome ID 562.23080
Extracting CDS from genome ID 562.23081
Extracting CDS from genome ID 562.23082
Extracting CDS from genome ID 562.23083
Extracting CDS from genome ID 562.23084
Extracting CDS from genome ID 562.23085
Extracting CDS from genome ID 562.23086
Extracting CDS from genome ID 562.23087
Extracting CDS from genome ID 562.23088
Extracting CDS from genome ID 562.23089
Extracting CDS from genome ID 562.23090
Extracting CDS from genome ID 562.23091
Extracting CDS from genome ID 562.23092
Extracting CDS from genome ID 562.23093
Extracting CDS from genome ID 562.23094
Extracting CDS from genome ID 562.23095
Extracting CDS from genome ID 562.23096
Extracting CDS from genome ID 562.23097
Extracting CDS from genome ID 562.23098
Extracting CDS from genome ID 562.23099
Extracting CDS from genome ID 562.23100
Extracting CDS from genome ID 562.23101
Extracting CDS from genome ID 562.23102
Extracting CDS from genome ID 562.23103
Extracting CDS from genome ID 562.23104
Extracting CDS from genome ID 562.23105
Extracting CDS from genome ID 562.23106
Extracting CDS from genome ID 562.23107
Extracting CDS from genome ID 562.23108
Extracting CDS from genome ID 562.23109
Extracting CDS from genome ID 562.23110
Extracting CDS from genome ID 562.23111
Extracting CDS from genome ID 562.23112
Extracting CDS from genome ID 562.23113
Extracting CDS from genome ID 562.23114
Extracting CDS from genome ID 562.23115
Extracting CDS from genome ID 562.23116
Extracting CDS from genome ID 562.23117
Extracting CDS from genome ID 562.23118
Extracting CDS from genome ID 562.23119
Extracting CDS from genome ID 562.23120
Extracting CDS from genome ID 562.23121
Extracting CDS from genome ID 562.23122
Extracting CDS from genome ID 562.23123
Extracting CDS from genome ID 562.23124
Extracting CDS from genome ID 562.23125
Extracting CDS from genome ID 562.23126
Extracting CDS from genome ID 562.23127
Extracting CDS from genome ID 562.23128
Extracting CDS from genome ID 562.23129
Extracting CDS from genome ID 562.23130
Extracting CDS from genome ID 562.23131
Extracting CDS from genome ID 562.23132
Extracting CDS from genome ID 562.23133
Extracting CDS from genome ID 562.23134
Extracting CDS from genome ID 562.23135
Extracting CDS from genome ID 562.23136
Extracting CDS from genome ID 562.23137
Extracting CDS from genome ID 562.23138
Extracting CDS from genome ID 562.23139
Extracting CDS from genome ID 562.23140
Extracting CDS from genome ID 562.23141
Extracting CDS from genome ID 562.23142
Extracting CDS from genome ID 562.23143
Extracting CDS from genome ID 562.23144
Extracting CDS from genome ID 562.23145
Extracting CDS from genome ID 562.23146
Extracting CDS from genome ID 562.23147
Extracting CDS from genome ID 562.23148
Extracting CDS from genome ID 562.23149
Extracting CDS from genome ID 562.23150
Extracting CDS from genome ID 562.23151
Extracting CDS from genome ID 562.23152
Extracting CDS from genome ID 562.23153
Extracting CDS from genome ID 562.23154
Extracting CDS from genome ID 562.23155
Extracting CDS from genome ID 562.23156
Extracting CDS from genome ID 562.23157
Extracting CDS from genome ID 562.23158
Extracting CDS from genome ID 562.23159
Extracting CDS from genome ID 562.23160
Extracting CDS from genome ID 562.23161
Extracting CDS from genome ID 562.23162
Extracting CDS from genome ID 562.23163
Extracting CDS from genome ID 562.23164
Extracting CDS from genome ID 562.23165
Extracting CDS from genome ID 562.23166
Extracting CDS from genome ID 562.23167
Extracting CDS from genome ID 562.23168
Extracting CDS from genome ID 562.23169
Extracting CDS from genome ID 562.23170
Extracting CDS from genome ID 562.23171
Extracting CDS from genome ID 562.23172
Extracting CDS from genome ID 562.23173
Extracting CDS from genome ID 562.23174
Extracting CDS from genome ID 562.23175
Extracting CDS from genome ID 562.23176
Extracting CDS from genome ID 562.23177
Extracting CDS from genome ID 562.23178
Extracting CDS from genome ID 562.23179
Extracting CDS from genome ID 562.23180
Extracting CDS from genome ID 562.23181
Extracting CDS from genome ID 562.23182
Extracting CDS from genome ID 562.23183
Extracting CDS from genome ID 562.23184
Extracting CDS from genome ID 562.23185
Extracting CDS from genome ID 562.23186
Extracting CDS from genome ID 562.23187
Extracting CDS from genome ID 562.23188
Extracting CDS from genome ID 562.23189
Extracting CDS from genome ID 562.23190
Extracting CDS from genome ID 562.23191
Extracting CDS from genome ID 562.23192
Extracting CDS from genome ID 562.23193
Extracting CDS from genome ID 562.23194
Extracting CDS from genome ID 562.23195
Extracting CDS from genome ID 562.23196
Extracting CDS from genome ID 562.23197
Extracting CDS from genome ID 562.23198
Extracting CDS from genome ID 562.23199
Extracting CDS from genome ID 562.23200
Extracting CDS from genome ID 562.23201
Extracting CDS from genome ID 562.23202
Extracting CDS from genome ID 562.23203
Extracting CDS from genome ID 562.23204
Extracting CDS from genome ID 562.23205
Extracting CDS from genome ID 562.23206
Extracting CDS from genome ID 562.23207
Extracting CDS from genome ID 562.23208
Extracting CDS from genome ID 562.23209
Extracting CDS from genome ID 562.23210
Extracting CDS from genome ID 562.23211
Extracting CDS from genome ID 562.23212
Extracting CDS from genome ID 562.23213
Extracting CDS from genome ID 562.23214
Extracting CDS from genome ID 562.23215
Extracting CDS from genome ID 562.23216
Extracting CDS from genome ID 562.23217
Extracting CDS from genome ID 562.23218
Extracting CDS from genome ID 562.23219
Extracting CDS from genome ID 562.23220
Extracting CDS from genome ID 562.23221
Extracting CDS from genome ID 562.23222
Extracting CDS from genome ID 562.23223
Extracting CDS from genome ID 562.23224
Extracting CDS from genome ID 562.23225
Extracting CDS from genome ID 562.23226
Extracting CDS from genome ID 562.23227
Extracting CDS from genome ID 562.23228
Extracting CDS from genome ID 562.23229
Extracting CDS from genome ID 562.23230
Extracting CDS from genome ID 562.23231
Extracting CDS from genome ID 562.23232
Extracting CDS from genome ID 562.23233
Extracting CDS from genome ID 562.23234
Extracting CDS from genome ID 562.23235
Extracting CDS from genome ID 562.23236
Extracting CDS from genome ID 562.23237
Extracting CDS from genome ID 562.23238
Extracting CDS from genome ID 562.23239
Extracting CDS from genome ID 562.23240
Extracting CDS from genome ID 562.23241
Extracting CDS from genome ID 562.23242
Extracting CDS from genome ID 562.23243
Extracting CDS from genome ID 562.23244
Extracting CDS from genome ID 562.23245
Extracting CDS from genome ID 562.23246
Extracting CDS from genome ID 562.23247
Extracting CDS from genome ID 562.23248
Extracting CDS from genome ID 562.23249
Extracting CDS from genome ID 562.23250
Extracting CDS from genome ID 562.23251
Extracting CDS from genome ID 562.23252
Extracting CDS from genome ID 562.23253
Extracting CDS from genome ID 562.23254
Extracting CDS from genome ID 562.23255
Extracting CDS from genome ID 562.23256
Extracting CDS from genome ID 562.23257
Extracting CDS from genome ID 562.23258
Extracting CDS from genome ID 562.23259
Extracting CDS from genome ID 562.23260
Extracting CDS from genome ID 562.23261
Extracting CDS from genome ID 562.23262
Extracting CDS from genome ID 562.23263
Extracting CDS from genome ID 562.23264
Extracting CDS from genome ID 562.23265
Extracting CDS from genome ID 562.23266
Extracting CDS from genome ID 562.23267
Extracting CDS from genome ID 562.23268
Extracting CDS from genome ID 562.23269
Extracting CDS from genome ID 562.23270
Extracting CDS from genome ID 562.23271
Extracting CDS from genome ID 562.23272
Extracting CDS from genome ID 562.23273
Extracting CDS from genome ID 562.23274
Extracting CDS from genome ID 562.23275
Extracting CDS from genome ID 562.23276
Extracting CDS from genome ID 562.23277
Extracting CDS from genome ID 562.23278
Extracting CDS from genome ID 562.23279
Extracting CDS from genome ID 562.23280
Extracting CDS from genome ID 562.23281
Extracting CDS from genome ID 562.23282
Extracting CDS from genome ID 562.23283
Extracting CDS from genome ID 562.23284
Extracting CDS from genome ID 562.23285
Extracting CDS from genome ID 562.23286
Extracting CDS from genome ID 562.23287
Extracting CDS from genome ID 562.23288
Extracting CDS from genome ID 562.23289
Extracting CDS from genome ID 562.23290
Extracting CDS from genome ID 562.23291
Extracting CDS from genome ID 562.23292
Extracting CDS from genome ID 562.23293
Extracting CDS from genome ID 562.23294
Extracting CDS from genome ID 562.23295
Extracting CDS from genome ID 562.23296
Extracting CDS from genome ID 562.23297
Extracting CDS from genome ID 562.23298
Extracting CDS from genome ID 562.23299
Extracting CDS from genome ID 562.23300
Extracting CDS from genome ID 562.23301
Extracting CDS from genome ID 562.23302
Extracting CDS from genome ID 562.23303
Extracting CDS from genome ID 562.23304
Extracting CDS from genome ID 562.23305
Extracting CDS from genome ID 562.23306
Extracting CDS from genome ID 562.23307
Extracting CDS from genome ID 562.23308
Extracting CDS from genome ID 562.23309
Extracting CDS from genome ID 562.23310
Extracting CDS from genome ID 562.23311
Extracting CDS from genome ID 562.23312
Extracting CDS from genome ID 562.23313
Extracting CDS from genome ID 562.23314
Extracting CDS from genome ID 562.23315
Extracting CDS from genome ID 562.23316
Extracting CDS from genome ID 562.23317
Extracting CDS from genome ID 562.23318
Extracting CDS from genome ID 562.23319
Extracting CDS from genome ID 562.23320
Extracting CDS from genome ID 562.23321
Extracting CDS from genome ID 562.23322
Extracting CDS from genome ID 562.23323
Extracting CDS from genome ID 562.23324
Extracting CDS from genome ID 562.23325
Extracting CDS from genome ID 562.23326
Extracting CDS from genome ID 562.23327
