Extracting CDS from genome ID 287.1082
Extracting CDS from genome ID 287.1083
Extracting CDS from genome ID 287.1084
Extracting CDS from genome ID 287.1085
Extracting CDS from genome ID 287.1086
Extracting CDS from genome ID 287.1087
Extracting CDS from genome ID 287.1088
Extracting CDS from genome ID 287.1089
Extracting CDS from genome ID 287.1090
Extracting CDS from genome ID 287.1091
Extracting CDS from genome ID 287.1092
Extracting CDS from genome ID 287.1093
Extracting CDS from genome ID 287.1094
Extracting CDS from genome ID 287.1095
Extracting CDS from genome ID 287.1096
Extracting CDS from genome ID 287.1097
Extracting CDS from genome ID 287.1098
Extracting CDS from genome ID 287.1099
Extracting CDS from genome ID 287.1100
Extracting CDS from genome ID 287.1101
Extracting CDS from genome ID 287.1102
Extracting CDS from genome ID 287.1103
Extracting CDS from genome ID 287.1104
Extracting CDS from genome ID 287.1105
Extracting CDS from genome ID 287.1106
Extracting CDS from genome ID 287.1107
Extracting CDS from genome ID 287.1108
Extracting CDS from genome ID 287.1109
Extracting CDS from genome ID 287.1110
Extracting CDS from genome ID 287.1111
Extracting CDS from genome ID 287.1112
Extracting CDS from genome ID 287.1113
Extracting CDS from genome ID 287.1114
Extracting CDS from genome ID 287.1115
Extracting CDS from genome ID 287.1116
Extracting CDS from genome ID 287.1117
Extracting CDS from genome ID 287.1118
Extracting CDS from genome ID 287.1119
Extracting CDS from genome ID 287.1120
Extracting CDS from genome ID 287.1121
Extracting CDS from genome ID 287.1122
Extracting CDS from genome ID 287.1123
Extracting CDS from genome ID 287.1124
Extracting CDS from genome ID 287.1125
Extracting CDS from genome ID 287.1126
Extracting CDS from genome ID 287.1127
Extracting CDS from genome ID 287.1128
Extracting CDS from genome ID 287.1129
Extracting CDS from genome ID 287.1130
Extracting CDS from genome ID 287.1131
Extracting CDS from genome ID 287.1132
Extracting CDS from genome ID 287.1133
Extracting CDS from genome ID 287.1134
Extracting CDS from genome ID 287.1135
Extracting CDS from genome ID 287.1136
Extracting CDS from genome ID 287.1137
Extracting CDS from genome ID 287.1138
Extracting CDS from genome ID 287.1139
Extracting CDS from genome ID 287.1140
Extracting CDS from genome ID 287.1141
Extracting CDS from genome ID 287.1142
Extracting CDS from genome ID 287.1143
Extracting CDS from genome ID 287.1144
Extracting CDS from genome ID 287.1145
Extracting CDS from genome ID 287.1146
Extracting CDS from genome ID 287.1147
Extracting CDS from genome ID 287.1148
Extracting CDS from genome ID 287.1149
Extracting CDS from genome ID 287.1150
Extracting CDS from genome ID 287.1151
Extracting CDS from genome ID 287.1152
Extracting CDS from genome ID 287.1153
Extracting CDS from genome ID 287.1156
Extracting CDS from genome ID 287.1157
Extracting CDS from genome ID 287.1158
Extracting CDS from genome ID 287.1159
Extracting CDS from genome ID 287.1160
Extracting CDS from genome ID 287.1161
Extracting CDS from genome ID 287.1162
Extracting CDS from genome ID 287.1163
Extracting CDS from genome ID 287.1164
Extracting CDS from genome ID 287.1165
Extracting CDS from genome ID 287.1166
Extracting CDS from genome ID 287.1167
Extracting CDS from genome ID 287.1168
Extracting CDS from genome ID 287.1169
Extracting CDS from genome ID 287.1170
Extracting CDS from genome ID 287.1171
Extracting CDS from genome ID 287.1172
Extracting CDS from genome ID 287.1173
Extracting CDS from genome ID 287.1174
Extracting CDS from genome ID 287.1175
Extracting CDS from genome ID 287.1176
Extracting CDS from genome ID 287.1177
Extracting CDS from genome ID 287.1178
Extracting CDS from genome ID 287.1179
Extracting CDS from genome ID 287.1180
Extracting CDS from genome ID 287.1181
Extracting CDS from genome ID 287.1182
Extracting CDS from genome ID 287.1183
Extracting CDS from genome ID 287.1184
Extracting CDS from genome ID 287.1185
Extracting CDS from genome ID 287.1186
Extracting CDS from genome ID 287.1187
Extracting CDS from genome ID 287.1188
Extracting CDS from genome ID 287.1189
Extracting CDS from genome ID 287.1190
Extracting CDS from genome ID 287.1191
Extracting CDS from genome ID 287.1192
Extracting CDS from genome ID 287.1193
Extracting CDS from genome ID 287.1194
Extracting CDS from genome ID 287.1195
Extracting CDS from genome ID 287.1196
Extracting CDS from genome ID 287.1197
Extracting CDS from genome ID 287.1198
Extracting CDS from genome ID 287.1199
Extracting CDS from genome ID 287.1200
Extracting CDS from genome ID 287.1201
Extracting CDS from genome ID 287.1202
Extracting CDS from genome ID 287.1203
Extracting CDS from genome ID 287.1204
Extracting CDS from genome ID 287.1205
Extracting CDS from genome ID 287.1206
Extracting CDS from genome ID 287.1207
Extracting CDS from genome ID 287.1208
Extracting CDS from genome ID 287.1209
Extracting CDS from genome ID 287.1210
Extracting CDS from genome ID 287.1211
Extracting CDS from genome ID 287.1212
Extracting CDS from genome ID 287.1214
Extracting CDS from genome ID 287.1215
Extracting CDS from genome ID 287.1216
Extracting CDS from genome ID 287.1217
Extracting CDS from genome ID 287.1218
Extracting CDS from genome ID 287.1219
Extracting CDS from genome ID 287.1220
Extracting CDS from genome ID 287.1221
Extracting CDS from genome ID 287.1222
Extracting CDS from genome ID 287.1223
Extracting CDS from genome ID 287.1224
Extracting CDS from genome ID 287.1225
Extracting CDS from genome ID 287.1226
Extracting CDS from genome ID 287.1227
Extracting CDS from genome ID 287.1228
Extracting CDS from genome ID 287.1229
Extracting CDS from genome ID 287.1230
Extracting CDS from genome ID 287.1231
Extracting CDS from genome ID 287.1232
Extracting CDS from genome ID 287.1233
Extracting CDS from genome ID 287.1234
Extracting CDS from genome ID 287.1235
Extracting CDS from genome ID 287.1237
Extracting CDS from genome ID 287.1238
Extracting CDS from genome ID 287.1239
Extracting CDS from genome ID 287.1240
Extracting CDS from genome ID 287.1241
Extracting CDS from genome ID 287.1242
Extracting CDS from genome ID 287.1243
Extracting CDS from genome ID 287.1245
Extracting CDS from genome ID 287.1246
Extracting CDS from genome ID 287.1247
Extracting CDS from genome ID 287.1248
Extracting CDS from genome ID 287.1249
Extracting CDS from genome ID 287.1250
Extracting CDS from genome ID 287.1301
Extracting CDS from genome ID 287.1477
Extracting CDS from genome ID 287.1482
Extracting CDS from genome ID 287.2972
Extracting CDS from genome ID 287.2973
Extracting CDS from genome ID 287.2975
Extracting CDS from genome ID 287.2976
Extracting CDS from genome ID 287.2977
Extracting CDS from genome ID 287.2978
Extracting CDS from genome ID 287.2979
Extracting CDS from genome ID 287.2980
Extracting CDS from genome ID 287.3105
Extracting CDS from genome ID 287.3106
Extracting CDS from genome ID 287.3107
Extracting CDS from genome ID 287.3108
Extracting CDS from genome ID 287.3109
Extracting CDS from genome ID 287.3110
Extracting CDS from genome ID 287.3111
Extracting CDS from genome ID 287.3112
Extracting CDS from genome ID 287.3113
Extracting CDS from genome ID 287.3114
Extracting CDS from genome ID 287.3115
Extracting CDS from genome ID 287.3116
Extracting CDS from genome ID 287.3117
Extracting CDS from genome ID 287.3118
Extracting CDS from genome ID 287.3119
Extracting CDS from genome ID 287.3120
Extracting CDS from genome ID 287.3121
Extracting CDS from genome ID 287.3122
Extracting CDS from genome ID 287.3123
Extracting CDS from genome ID 287.3124
Extracting CDS from genome ID 287.3125
Extracting CDS from genome ID 287.3126
Extracting CDS from genome ID 287.3127
Extracting CDS from genome ID 287.3128
Extracting CDS from genome ID 287.3129
Extracting CDS from genome ID 287.3130
Extracting CDS from genome ID 287.5685
Extracting CDS from genome ID 287.5686
Extracting CDS from genome ID 287.5687
Extracting CDS from genome ID 287.5688
Extracting CDS from genome ID 287.5689
Extracting CDS from genome ID 287.5690
Extracting CDS from genome ID 287.5701
Extracting CDS from genome ID 287.5702
Extracting CDS from genome ID 287.5703
Extracting CDS from genome ID 287.5704
Extracting CDS from genome ID 287.5746
Extracting CDS from genome ID 287.5747
Extracting CDS from genome ID 287.5749
Extracting CDS from genome ID 287.5750
Extracting CDS from genome ID 287.5751
Extracting CDS from genome ID 287.5752
Extracting CDS from genome ID 287.5778
Extracting CDS from genome ID 287.5955
Extracting CDS from genome ID 287.5959
Extracting CDS from genome ID 287.5969
Extracting CDS from genome ID 287.5971
Extracting CDS from genome ID 287.5972
Extracting CDS from genome ID 287.5973
Extracting CDS from genome ID 287.6326
Extracting CDS from genome ID 287.6327
Extracting CDS from genome ID 287.6328
Extracting CDS from genome ID 287.6329
Extracting CDS from genome ID 287.6330
Extracting CDS from genome ID 287.6331
Extracting CDS from genome ID 287.6492
Extracting CDS from genome ID 287.7773
Extracting CDS from genome ID 287.7774
Extracting CDS from genome ID 287.7775
Extracting CDS from genome ID 287.7776
Extracting CDS from genome ID 287.7777
Extracting CDS from genome ID 287.7778
Extracting CDS from genome ID 287.7779
Extracting CDS from genome ID 287.7780
Extracting CDS from genome ID 287.7782
Extracting CDS from genome ID 287.7783
Extracting CDS from genome ID 287.7784
Extracting CDS from genome ID 287.7785
Extracting CDS from genome ID 287.7786
Extracting CDS from genome ID 287.7787
Extracting CDS from genome ID 287.7788
Extracting CDS from genome ID 287.7789
Extracting CDS from genome ID 287.7790
Extracting CDS from genome ID 287.7791
Extracting CDS from genome ID 287.7792
Extracting CDS from genome ID 287.7794
Extracting CDS from genome ID 287.7795
Extracting CDS from genome ID 287.7796
Extracting CDS from genome ID 287.7797
Extracting CDS from genome ID 287.7798
Extracting CDS from genome ID 287.7799
Extracting CDS from genome ID 287.7801
Extracting CDS from genome ID 287.7802
Extracting CDS from genome ID 287.7803
Extracting CDS from genome ID 287.7804
Extracting CDS from genome ID 287.7805
Extracting CDS from genome ID 287.7806
Extracting CDS from genome ID 287.7807
Extracting CDS from genome ID 287.7808
Extracting CDS from genome ID 287.7809
Extracting CDS from genome ID 287.7810
Extracting CDS from genome ID 287.7811
Extracting CDS from genome ID 287.7813
Extracting CDS from genome ID 287.7814
Extracting CDS from genome ID 287.7816
Extracting CDS from genome ID 287.7817
Extracting CDS from genome ID 287.7818
Extracting CDS from genome ID 287.7819
Extracting CDS from genome ID 287.7820
Extracting CDS from genome ID 287.7821
Extracting CDS from genome ID 287.7822
Extracting CDS from genome ID 287.7823
Extracting CDS from genome ID 287.7824
Extracting CDS from genome ID 287.7825
Extracting CDS from genome ID 287.7826
Extracting CDS from genome ID 287.7827
Extracting CDS from genome ID 287.7828
Extracting CDS from genome ID 287.7829
Extracting CDS from genome ID 287.7830
Extracting CDS from genome ID 287.7831
Extracting CDS from genome ID 287.7832
Extracting CDS from genome ID 287.7833
Extracting CDS from genome ID 287.7834
Extracting CDS from genome ID 287.7835
Extracting CDS from genome ID 287.7836
Extracting CDS from genome ID 287.7837
Extracting CDS from genome ID 287.7838
Extracting CDS from genome ID 287.7839
Extracting CDS from genome ID 287.7840
Extracting CDS from genome ID 287.7841
Extracting CDS from genome ID 287.7842
Extracting CDS from genome ID 287.7843
Extracting CDS from genome ID 287.7844
Extracting CDS from genome ID 287.7845
Extracting CDS from genome ID 287.7846
Extracting CDS from genome ID 287.7847
Extracting CDS from genome ID 287.7848
Extracting CDS from genome ID 287.7849
Extracting CDS from genome ID 287.7850
Extracting CDS from genome ID 287.7851
Extracting CDS from genome ID 287.7852
Extracting CDS from genome ID 287.7853
Extracting CDS from genome ID 287.7854
Extracting CDS from genome ID 287.7855
Extracting CDS from genome ID 287.7856
Extracting CDS from genome ID 287.7857
Extracting CDS from genome ID 287.7858
Extracting CDS from genome ID 287.7859
Extracting CDS from genome ID 287.7860
Extracting CDS from genome ID 287.7861
Extracting CDS from genome ID 287.7862
Extracting CDS from genome ID 287.8027
Extracting CDS from genome ID 287.8028
Extracting CDS from genome ID 287.8029
Extracting CDS from genome ID 287.8030
Extracting CDS from genome ID 287.8031
Extracting CDS from genome ID 287.8032
Extracting CDS from genome ID 287.8033
Extracting CDS from genome ID 287.8034
Extracting CDS from genome ID 287.846
Extracting CDS from genome ID 287.847
Extracting CDS from genome ID 287.848
Extracting CDS from genome ID 287.849
Extracting CDS from genome ID 287.8491
Extracting CDS from genome ID 287.8493
Extracting CDS from genome ID 287.8494
Extracting CDS from genome ID 287.8495
Extracting CDS from genome ID 287.8497
Extracting CDS from genome ID 287.8498
Extracting CDS from genome ID 287.8499
Extracting CDS from genome ID 287.850
Extracting CDS from genome ID 287.8500
Extracting CDS from genome ID 287.8501
Extracting CDS from genome ID 287.8502
Extracting CDS from genome ID 287.8503
Extracting CDS from genome ID 287.8506
Extracting CDS from genome ID 287.8507
Extracting CDS from genome ID 287.8509
Extracting CDS from genome ID 287.851
Extracting CDS from genome ID 287.8510
Extracting CDS from genome ID 287.8513
Extracting CDS from genome ID 287.8514
Extracting CDS from genome ID 287.8515
Extracting CDS from genome ID 287.8516
Extracting CDS from genome ID 287.8517
Extracting CDS from genome ID 287.8518
Extracting CDS from genome ID 287.852
Extracting CDS from genome ID 287.8520
Extracting CDS from genome ID 287.8521
Extracting CDS from genome ID 287.8522
Extracting CDS from genome ID 287.8524
Extracting CDS from genome ID 287.8525
Extracting CDS from genome ID 287.8526
Extracting CDS from genome ID 287.8527
Extracting CDS from genome ID 287.8528
Extracting CDS from genome ID 287.8529
Extracting CDS from genome ID 287.853
Extracting CDS from genome ID 287.8530
Extracting CDS from genome ID 287.8531
Extracting CDS from genome ID 287.8533
Extracting CDS from genome ID 287.8534
Extracting CDS from genome ID 287.8535
Extracting CDS from genome ID 287.8536
Extracting CDS from genome ID 287.8537
Extracting CDS from genome ID 287.8538
Extracting CDS from genome ID 287.8539
Extracting CDS from genome ID 287.854
Extracting CDS from genome ID 287.8540
Extracting CDS from genome ID 287.8541
Extracting CDS from genome ID 287.8542
Extracting CDS from genome ID 287.8543
Extracting CDS from genome ID 287.8544
Extracting CDS from genome ID 287.8545
Extracting CDS from genome ID 287.8546
Extracting CDS from genome ID 287.8547
Extracting CDS from genome ID 287.8548
Extracting CDS from genome ID 287.8549
Extracting CDS from genome ID 287.855
Extracting CDS from genome ID 287.8550
Extracting CDS from genome ID 287.8551
Extracting CDS from genome ID 287.856
Extracting CDS from genome ID 287.857
Extracting CDS from genome ID 287.858
Extracting CDS from genome ID 287.859
Extracting CDS from genome ID 287.860
Extracting CDS from genome ID 287.861
Extracting CDS from genome ID 287.862
Extracting CDS from genome ID 287.863
Extracting CDS from genome ID 287.864
Extracting CDS from genome ID 287.865
Extracting CDS from genome ID 287.866
Extracting CDS from genome ID 287.867
Extracting CDS from genome ID 287.868
Extracting CDS from genome ID 287.869
Extracting CDS from genome ID 287.870
Extracting CDS from genome ID 287.871
Extracting CDS from genome ID 287.872
Extracting CDS from genome ID 287.873
Extracting CDS from genome ID 287.874
Extracting CDS from genome ID 287.875
Extracting CDS from genome ID 287.876
Extracting CDS from genome ID 287.877
Extracting CDS from genome ID 287.878
Extracting CDS from genome ID 287.879
Extracting CDS from genome ID 287.880
Extracting CDS from genome ID 287.881
Extracting CDS from genome ID 287.882
Extracting CDS from genome ID 287.883
Extracting CDS from genome ID 287.884
Extracting CDS from genome ID 287.885
Extracting CDS from genome ID 287.886
Extracting CDS from genome ID 287.887
Extracting CDS from genome ID 287.8875
Extracting CDS from genome ID 287.888
Extracting CDS from genome ID 287.8884
Extracting CDS from genome ID 287.889
Extracting CDS from genome ID 287.890
Extracting CDS from genome ID 287.891
Extracting CDS from genome ID 287.892
Extracting CDS from genome ID 287.893
Extracting CDS from genome ID 287.894
Extracting CDS from genome ID 287.895
Extracting CDS from genome ID 287.896
Extracting CDS from genome ID 287.897
Extracting CDS from genome ID 287.898
Extracting CDS from genome ID 287.899
Extracting CDS from genome ID 287.900
Extracting CDS from genome ID 287.901
Extracting CDS from genome ID 287.902
Extracting CDS from genome ID 287.903
Extracting CDS from genome ID 287.904
Extracting CDS from genome ID 287.905
Extracting CDS from genome ID 287.906
Extracting CDS from genome ID 287.907
Extracting CDS from genome ID 287.908
Extracting CDS from genome ID 287.909
Extracting CDS from genome ID 287.910
Extracting CDS from genome ID 287.911
Extracting CDS from genome ID 287.912
Extracting CDS from genome ID 287.913
Extracting CDS from genome ID 287.914
Extracting CDS from genome ID 287.915
Extracting CDS from genome ID 287.916
Extracting CDS from genome ID 287.917
Extracting CDS from genome ID 287.918
Extracting CDS from genome ID 287.919
Extracting CDS from genome ID 287.920
Extracting CDS from genome ID 287.921
Extracting CDS from genome ID 287.922
Extracting CDS from genome ID 287.923
Extracting CDS from genome ID 287.924
Extracting CDS from genome ID 287.925
Extracting CDS from genome ID 287.926
Extracting CDS from genome ID 287.927
Extracting CDS from genome ID 287.928
Extracting CDS from genome ID 287.929
Extracting CDS from genome ID 287.930
Extracting CDS from genome ID 287.931
Extracting CDS from genome ID 287.932
Extracting CDS from genome ID 287.933
Extracting CDS from genome ID 287.934
Extracting CDS from genome ID 287.951
Extracting CDS from genome ID 287.952
Extracting CDS from genome ID 287.953
Extracting CDS from genome ID 287.954
Extracting CDS from genome ID 287.955
Extracting CDS from genome ID 287.956
Extracting CDS from genome ID 287.957
Extracting CDS from genome ID 287.958
Extracting CDS from genome ID 287.959
Extracting CDS from genome ID 287.960
Extracting CDS from genome ID 287.961
Extracting CDS from genome ID 287.962
Extracting CDS from genome ID 287.963
Extracting CDS from genome ID 287.964
Extracting CDS from genome ID 287.965
Extracting CDS from genome ID 287.966
Extracting CDS from genome ID 287.967
Extracting CDS from genome ID 287.968
Extracting CDS from genome ID 287.969
Extracting CDS from genome ID 287.970
Extracting CDS from genome ID 287.971
Extracting CDS from genome ID 287.972
Extracting CDS from genome ID 287.973
Extracting CDS from genome ID 287.974
Extracting CDS from genome ID 287.975
Extracting CDS from genome ID 287.976
Extracting CDS from genome ID 287.978
Extracting CDS from genome ID 287.979
Extracting CDS from genome ID 287.980
Extracting CDS from genome ID 287.981
Extracting CDS from genome ID 287.982
Extracting CDS from genome ID 287.983
Extracting CDS from genome ID 287.984
Extracting CDS from genome ID 287.985
Extracting CDS from genome ID 287.986
Extracting CDS from genome ID 287.987
Extracting CDS from genome ID 287.988
Extracting CDS from genome ID 287.989
Extracting CDS from genome ID 287.990
Extracting CDS from genome ID 287.991
Extracting CDS from genome ID 287.992
Extracting CDS from genome ID 287.993
Extracting CDS from genome ID 287.994
Extracting CDS from genome ID 287.995
Extracting CDS from genome ID 287.996
Extracting CDS from genome ID 287.997
Extracting CDS from genome ID 287.998
Extracting CDS from genome ID 287.999

----- Total Time for CDS Extraction: 66050 seconds-----

______________________________________________________

Runnning Genome Clustering Step for Pseudomonas_aeruginosa
______________________________________________________

================================================================
Program: CD-HIT, V4.8.1 (+OpenMP), Aug 20 2021, 08:39:56
Command: cd-hit -i
         Pseudomonas_aeruginosa/Pseudomonas_aeruginosa_CDS.fasta
         -o Pseudomonas_aeruginosa/Pseudomonas_aeruginosa.fasta
         -n 5 -c 0.8 -aL 0.8 -M 8000

Started: Fri Apr  5 08:26:23 2024
================================================================
                            Output                              
----------------------------------------------------------------
total seq: 3769023
longest and shortest : 6937 and 14
Total letters: 1175089244
Sequences have been sorted

Approximated minimal memory consumption:
Sequence        : 1680M
Buffer          : 1 X 57M = 57M
Table           : 1 X 125M = 125M
Miscellaneous   : 47M
Total           : 1910M

Table limit with the given memory limit:
Max number of representatives: 4000000
Max number of word counting entries: 761189645

comparing sequences from          0  to    1480522
..........    10000  finished        276  clusters
..........    20000  finished        430  clusters
..........    30000  finished        535  clusters
..........    40000  finished        751  clusters
..........    50000  finished        860  clusters
..........    60000  finished       1019  clusters
..........    70000  finished       1111  clusters
..........    80000  finished       1193  clusters
..........    90000  finished       1297  clusters
..........   100000  finished       1406  clusters
..........   110000  finished       1539  clusters
..........   120000  finished       1663  clusters
..........   130000  finished       1749  clusters
..........   140000  finished       1878  clusters
..........   150000  finished       1958  clusters
..........   160000  finished       2042  clusters
..........   170000  finished       2129  clusters
..........   180000  finished       2207  clusters
..........   190000  finished       2323  clusters
..........   200000  finished       2428  clusters
..........   210000  finished       2553  clusters
..........   220000  finished       2630  clusters
..........   230000  finished       2759  clusters
..........   240000  finished       2851  clusters
..........   250000  finished       2942  clusters
..........   260000  finished       3036  clusters
..........   270000  finished       3140  clusters
..........   280000  finished       3227  clusters
..........   290000  finished       3384  clusters
..........   300000  finished       3513  clusters
..........   310000  finished       3612  clusters
..........   320000  finished       3742  clusters
..........   330000  finished       3847  clusters
..........   340000  finished       3938  clusters
..........   350000  finished       4101  clusters
..........   360000  finished       4209  clusters
..........   370000  finished       4324  clusters
..........   380000  finished       4444  clusters
..........   390000  finished       4543  clusters
..........   400000  finished       4647  clusters
..........   410000  finished       4743  clusters
..........   420000  finished       4863  clusters
..........   430000  finished       4940  clusters
..........   440000  finished       5034  clusters
..........   450000  finished       5110  clusters
..........   460000  finished       5206  clusters
..........   470000  finished       5322  clusters
..........   480000  finished       5442  clusters
..........   490000  finished       5557  clusters
..........   500000  finished       5670  clusters
..........   510000  finished       5770  clusters
..........   520000  finished       5887  clusters
..........   530000  finished       5932  clusters
..........   540000  finished       6004  clusters
..........   550000  finished       6090  clusters
..........   560000  finished       6178  clusters
..........   570000  finished       6275  clusters
..........   580000  finished       6366  clusters
..........   590000  finished       6451  clusters
..........   600000  finished       6506  clusters
..........   610000  finished       6592  clusters
..........   620000  finished       6661  clusters
..........   630000  finished       6746  clusters
..........   640000  finished       6803  clusters
..........   650000  finished       6904  clusters
..........   660000  finished       6937  clusters
..........   670000  finished       7023  clusters
..........   680000  finished       7107  clusters
..........   690000  finished       7178  clusters
..........   700000  finished       7243  clusters
..........   710000  finished       7347  clusters
..........   720000  finished       7424  clusters
..........   730000  finished       7476  clusters
..........   740000  finished       7541  clusters
..........   750000  finished       7614  clusters
..........   760000  finished       7674  clusters
..........   770000  finished       7741  clusters
..........   780000  finished       7817  clusters
..........   790000  finished       7917  clusters
..........   800000  finished       7996  clusters
..........   810000  finished       8075  clusters
..........   820000  finished       8159  clusters
..........   830000  finished       8232  clusters
..........   840000  finished       8301  clusters
..........   850000  finished       8348  clusters
..........   860000  finished       8437  clusters
..........   870000  finished       8512  clusters
..........   880000  finished       8633  clusters
..........   890000  finished       8701  clusters
..........   900000  finished       8789  clusters
..........   910000  finished       8904  clusters
..........   920000  finished       8994  clusters
..........   930000  finished       9086  clusters
..........   940000  finished       9151  clusters
..........   950000  finished       9236  clusters
..........   960000  finished       9318  clusters
..........   970000  finished       9383  clusters
..........   980000  finished       9463  clusters
..........   990000  finished       9537  clusters
..........  1000000  finished       9632  clusters
..........  1010000  finished       9692  clusters
..........  1020000  finished       9780  clusters
..........  1030000  finished       9874  clusters
..........  1040000  finished       9956  clusters
..........  1050000  finished      10033  clusters
..........  1060000  finished      10112  clusters
..........  1070000  finished      10192  clusters
..........  1080000  finished      10273  clusters
..........  1090000  finished      10380  clusters
..........  1100000  finished      10512  clusters
..........  1110000  finished      10610  clusters
..........  1120000  finished      10732  clusters
..........  1130000  finished      10820  clusters
..........  1140000  finished      10917  clusters
..........  1150000  finished      11000  clusters
..........  1160000  finished      11076  clusters
..........  1170000  finished      11193  clusters
..........  1180000  finished      11297  clusters
..........  1190000  finished      11393  clusters
..........  1200000  finished      11466  clusters
..........  1210000  finished      11574  clusters
..........  1220000  finished      11661  clusters
..........  1230000  finished      11741  clusters
..........  1240000  finished      11863  clusters
..........  1250000  finished      11992  clusters
..........  1260000  finished      12061  clusters
..........  1270000  finished      12144  clusters
..........  1280000  finished      12249  clusters
..........  1290000  finished      12363  clusters
..........  1300000  finished      12428  clusters
..........  1310000  finished      12508  clusters
..........  1320000  finished      12592  clusters
..........  1330000  finished      12697  clusters
..........  1340000  finished      12771  clusters
..........  1350000  finished      12850  clusters
..........  1360000  finished      12899  clusters
..........  1370000  finished      12997  clusters
..........  1380000  finished      13093  clusters
..........  1390000  finished      13163  clusters
..........  1400000  finished      13263  clusters
..........  1410000  finished      13363  clusters
..........  1420000  finished      13429  clusters
..........  1430000  finished      13497  clusters
..........  1440000  finished      13598  clusters
..........  1450000  finished      13702  clusters
..........  1460000  finished      13779  clusters
..........  1470000  finished      13882  clusters
..........  1480000  finished      13950  clusters
comparing sequences from    1480522  to    3769023
..........  1490000  finished      14057  clusters
..........  1510000  finished      14219  clusters
..........  1520000  finished      14287  clusters
..........  1530000  finished      14357  clusters
..........  1550000  finished      14536  clusters
..........  1560000  finished      14623  clusters
..........  1570000  finished      14690  clusters
..........  1580000  finished      14743  clusters
..........  1590000  finished      14790  clusters
..........  1600000  finished      14851  clusters
..........  1610000  finished      14921  clusters
..........  1630000  finished      15087  clusters
..........  1660000  finished      15302  clusters
..........  1670000  finished      15361  clusters
..........  1680000  finished      15412  clusters
..........  1700000  finished      15553  clusters
..........  1710000  finished      15632  clusters
..........  1720000  finished      15730  clusters
..........  1730000  finished      15831  clusters
..........  1740000  finished      15916  clusters
..........  1750000  finished      16022  clusters
..........  1760000  finished      16125  clusters
..........  1770000  finished      16203  clusters
..........  1780000  finished      16303  clusters
..........  1790000  finished      16403  clusters
..........  1800000  finished      16573  clusters
..........  1810000  finished      16667  clusters
..........  1820000  finished      16724  clusters
..........  1830000  finished      16815  clusters
..........  1840000  finished      16926  clusters
..........  1850000  finished      17018  clusters
..........  1860000  finished      17123  clusters
..........  1870000  finished      17198  clusters
..........  1880000  finished      17281  clusters
..........  1900000  finished      17496  clusters
..........  1910000  finished      17594  clusters
..........  1920000  finished      17700  clusters
..........  1930000  finished      17751  clusters
..........  1940000  finished      17854  clusters
..........  1950000  finished      17958  clusters
..........  1960000  finished      18073  clusters
..........  1970000  finished      18157  clusters
..........  1980000  finished      18228  clusters
..........  1990000  finished      18310  clusters
..........  2000000  finished      18419  clusters
..........  2010000  finished      18490  clusters
..........  2020000  finished      18577  clusters
..........  2030000  finished      18691  clusters
..........  2040000  finished      18773  clusters
..........  2050000  finished      18851  clusters
..........  2060000  finished      18948  clusters
..........  2070000  finished      19014  clusters
..........  2080000  finished      19147  clusters
..........  2090000  finished      19221  clusters
..........  2100000  finished      19366  clusters
..........  2110000  finished      19458  clusters
..........  2120000  finished      19567  clusters
..........  2130000  finished      19704  clusters
..........  2140000  finished      19798  clusters
..........  2150000  finished      19884  clusters
..........  2160000  finished      19988  clusters
..........  2170000  finished      20093  clusters
..........  2180000  finished      20237  clusters
..........  2190000  finished      20404  clusters
..........  2200000  finished      20515  clusters
..........  2210000  finished      20615  clusters
..........  2220000  finished      20714  clusters
..........  2230000  finished      20830  clusters
..........  2240000  finished      20934  clusters
..........  2250000  finished      21066  clusters
..........  2260000  finished      21206  clusters
..........  2270000  finished      21359  clusters
..........  2280000  finished      21466  clusters
..........  2290000  finished      21602  clusters
..........  2300000  finished      21719  clusters
..........  2310000  finished      21914  clusters
..........  2320000  finished      22064  clusters
..........  2330000  finished      22208  clusters
..........  2340000  finished      22317  clusters
..........  2350000  finished      22441  clusters
..........  2360000  finished      22541  clusters
..........  2370000  finished      22599  clusters
..........  2380000  finished      22732  clusters
..........  2390000  finished      22835  clusters
..........  2400000  finished      22920  clusters
..........  2410000  finished      23046  clusters
..........  2420000  finished      23145  clusters
..........  2430000  finished      23263  clusters
..........  2440000  finished      23377  clusters
..........  2450000  finished      23495  clusters
..........  2460000  finished      23619  clusters
..........  2470000  finished      23747  clusters
..........  2480000  finished      23853  clusters
..........  2490000  finished      24009  clusters
..........  2500000  finished      24127  clusters
..........  2510000  finished      24274  clusters
..........  2520000  finished      24377  clusters
..........  2530000  finished      24530  clusters
..........  2540000  finished      24657  clusters
..........  2550000  finished      24845  clusters
..........  2560000  finished      24963  clusters
..........  2570000  finished      25122  clusters
..........  2580000  finished      25250  clusters
..........  2590000  finished      25356  clusters
..........  2600000  finished      25486  clusters
..........  2610000  finished      25663  clusters
..........  2620000  finished      25800  clusters
..........  2630000  finished      25955  clusters
..........  2640000  finished      26064  clusters
..........  2650000  finished      26181  clusters
..........  2660000  finished      26355  clusters
..........  2670000  finished      26517  clusters
..........  2680000  finished      26659  clusters
..........  2690000  finished      26813  clusters
..........  2700000  finished      26921  clusters
..........  2710000  finished      27042  clusters
..........  2720000  finished      27214  clusters
..........  2730000  finished      27355  clusters
..........  2740000  finished      27520  clusters
..........  2750000  finished      27682  clusters
..........  2760000  finished      27896  clusters
..........  2770000  finished      28063  clusters
..........  2780000  finished      28166  clusters
..........  2790000  finished      28355  clusters
..........  2800000  finished      28497  clusters
..........  2810000  finished      28607  clusters
..........  2820000  finished      28728  clusters
..........  2830000  finished      28859  clusters
..........  2840000  finished      28966  clusters
..........  2850000  finished      29109  clusters
..........  2860000  finished      29245  clusters
..........  2870000  finished      29408  clusters
..........  2880000  finished      29585  clusters
..........  2890000  finished      29754  clusters
..........  2900000  finished      29899  clusters
..........  2910000  finished      30067  clusters
..........  2920000  finished      30263  clusters
..........  2930000  finished      30420  clusters
..........  2940000  finished      30559  clusters
..........  2950000  finished      30709  clusters
..........  2960000  finished      30884  clusters
..........  2970000  finished      31002  clusters
..........  2980000  finished      31113  clusters
..........  2990000  finished      31296  clusters
..........  3000000  finished      31463  clusters
..........  3010000  finished      31600  clusters
..........  3020000  finished      31804  clusters
..........  3030000  finished      31918  clusters
..........  3040000  finished      32044  clusters
..........  3050000  finished      32276  clusters
..........  3060000  finished      32467  clusters
..........  3070000  finished      32681  clusters
..........  3080000  finished      32880  clusters
..........  3090000  finished      33047  clusters
..........  3100000  finished      33232  clusters
..........  3110000  finished      33416  clusters
..........  3120000  finished      33628  clusters
..........  3130000  finished      33830  clusters
..........  3140000  finished      34069  clusters
..........  3150000  finished      34314  clusters
..........  3160000  finished      34523  clusters
..........  3170000  finished      34732  clusters
..........  3180000  finished      34922  clusters
..........  3190000  finished      35107  clusters
..........  3200000  finished      35308  clusters
..........  3210000  finished      35541  clusters
..........  3220000  finished      35747  clusters
..........  3230000  finished      35986  clusters
..........  3240000  finished      36185  clusters
..........  3250000  finished      36399  clusters
..........  3260000  finished      36595  clusters
..........  3270000  finished      36835  clusters
..........  3280000  finished      37047  clusters
..........  3290000  finished      37321  clusters
..........  3300000  finished      37596  clusters
..........  3310000  finished      37836  clusters
..........  3320000  finished      38088  clusters
..........  3330000  finished      38436  clusters
..........  3340000  finished      38713  clusters
..........  3350000  finished      38998  clusters
..........  3360000  finished      39278  clusters
..........  3370000  finished      39549  clusters
..........  3380000  finished      39815  clusters
..........  3390000  finished      40068  clusters
..........  3400000  finished      40342  clusters
..........  3410000  finished      40595  clusters
..........  3420000  finished      40980  clusters
..........  3430000  finished      41242  clusters
..........  3440000  finished      41624  clusters
..........  3450000  finished      42054  clusters
..........  3460000  finished      42374  clusters
..........  3470000  finished      42663  clusters
..........  3480000  finished      42980  clusters
..........  3490000  finished      43261  clusters
..........  3500000  finished      43563  clusters
..........  3510000  finished      43989  clusters
..........  3520000  finished      44316  clusters
..........  3530000  finished      44593  clusters
..........  3540000  finished      44964  clusters
..........  3550000  finished      45258  clusters
..........  3560000  finished      45430  clusters
..........  3570000  finished      45921  clusters
..........  3580000  finished      46244  clusters
..........  3590000  finished      46694  clusters
..........  3600000  finished      47015  clusters
..........  3610000  finished      47360  clusters
..........  3620000  finished      47652  clusters
..........  3630000  finished      48183  clusters
..........  3640000  finished      48598  clusters
..........  3650000  finished      48991  clusters
..........  3660000  finished      49463  clusters
..........  3670000  finished      49992  clusters
..........  3680000  finished      50575  clusters
..........  3690000  finished      51180  clusters
..........  3700000  finished      51729  clusters
..........  3710000  finished      52281  clusters
..........  3720000  finished      52729  clusters
..........  3730000  finished      53275  clusters
..........  3740000  finished      53886  clusters
..........  3750000  finished      54494  clusters
..........  3760000  finished      54982  clusters
.........
  3769023  finished      56020  clusters

Approximated maximum memory consumption: 1971M
writing new database
writing clustering information
program completed !

Total CPU time 240.23

----- Total Time for Genome Clustering: 244 seconds-----

______________________________________________________

Runnning Pangenome Construction Step for Pseudomonas_aeruginosa
______________________________________________________


        Working on Pseudomonas_aeruginosa
______________________________________________________

Fitted parameters: [0.75186647 0.19301059 1.57841614 1.69817885 2.23776989]
Unique Genes cutoff: 6.631511095020909% (40.3911759044242)
Core Genes cutoff: 96.78302624653607% (575.8911759044242)

== Pangenome Division ==
Core: 4495 (8.023920028561228%)
Accessory: 3942 (7.036772581220992%)
Unique: 47583 (84.93930739021778%)
Total: 56020

== Metrics ==
R-squared: 0.9947675313440042
MAE: 100.6332350319343

======== Pangenome Construction Time for Pseudomonas_aeruginosa========
                 0.3057272434234619  seconds

______________________________________________________

Runnning eggNOG-mapper Step for Pseudomonas_aeruginosa
______________________________________________________

Pseudomonas_aeruginosa
#  emapper-2.1.12-78ab785
# emapper.py  -i Pseudomonas_aeruginosa/Pseudomonas_aeruginosa.fasta -o Pseudomonas_aeruginosa/Pseudomonas_aeruginosa --usemem --cpu 8 --outfmt_short
  /home/rayane/miniconda3/bin/diamond blastp -d '/home/rayane/miniconda3/lib/python3.12/site-packages/data/eggnog_proteins.dmnd' -q '/home/rayane/capstone-project/pangenome-repo/Pangenome-Analysis-Workflow/codes/Pseudomonas_aeruginosa/Pseudomonas_aeruginosa.fasta' --threads 8 -o '/home/rayane/capstone-project/pangenome-repo/Pangenome-Analysis-Workflow/codes/Pseudomonas_aeruginosa/Pseudomonas_aeruginosa.emapper.hits' --tmpdir '/home/rayane/capstone-project/pangenome-repo/Pangenome-Analysis-Workflow/codes/emappertmp_dmdn_b037ov7o' --sensitive --iterate -e 0.001 --top 3  --outfmt 6 qseqid sseqid evalue bitscore
Error running diamond: Building reference seed array... Killed

----- Total Run Time for eggNOG-mapper: 347 seconds-----

tail: cannot open 'Pseudomonas_aeruginosa/Pseudomonas_aeruginosa.emapper.annotations' for reading: No such file or directory
cut: only one type of list may be specified
Try 'cut --help' for more information.
=================================================

Building Contingency Table for Pseudomonas_aeruginosa

>>>>>>>>>>>>>>>>>>>>>>>>>>>>>>>>>>>>>>>>>>>>>>>>>>>>>>>>
Number of genes in Pseudomonas_aeruginosa: 56020
>>>>>>>>>>>>>>>>>>>>>>>>>>>>>>>>>>>>>>>>>>>>>>>>>>>>>>>>
fname: Pseudomonas_aeruginosa/Pseudomonas_aeruginosa_COG_GO.csv, representatives_file: Pseudomonas_aeruginosa/Pseudomonas_aeruginosa.fasta, pangenome_file: Pseudomonas_aeruginosa/Pseudomonas_aeruginosa_pangenome.csv, species: Pseudomonas_aeruginosa
['perform_fisher_test_core.py', 'Pseudomonas_aeruginosa/Pseudomonas_aeruginosa_COG_GO.csv', 'Pseudomonas_aeruginosa/Pseudomonas_aeruginosa.fasta', 'Pseudomonas_aeruginosa/Pseudomonas_aeruginosa_pangenome.csv', 'Pseudomonas_aeruginosa', '56020']
>>>>>>>>>>>> fname:  Pseudomonas_aeruginosa/Pseudomonas_aeruginosa_COG_GO.csv
Traceback (most recent call last):
  File "/home/rayane/capstone-project/pangenome-repo/Pangenome-Analysis-Workflow/codes/perform_fisher_test_core.py", line 28, in <module>
    df = df.drop(0)
         ^^^^^^^^^^
  File "/home/rayane/miniconda3/lib/python3.12/site-packages/pandas/util/_decorators.py", line 331, in wrapper
    return func(*args, **kwargs)
           ^^^^^^^^^^^^^^^^^^^^^
  File "/home/rayane/miniconda3/lib/python3.12/site-packages/pandas/core/frame.py", line 5399, in drop
    return super().drop(
           ^^^^^^^^^^^^^
  File "/home/rayane/miniconda3/lib/python3.12/site-packages/pandas/util/_decorators.py", line 331, in wrapper
    return func(*args, **kwargs)
           ^^^^^^^^^^^^^^^^^^^^^
  File "/home/rayane/miniconda3/lib/python3.12/site-packages/pandas/core/generic.py", line 4505, in drop
    obj = obj._drop_axis(labels, axis, level=level, errors=errors)
          ^^^^^^^^^^^^^^^^^^^^^^^^^^^^^^^^^^^^^^^^^^^^^^^^^^^^^^^^
  File "/home/rayane/miniconda3/lib/python3.12/site-packages/pandas/core/generic.py", line 4546, in _drop_axis
    new_axis = axis.drop(labels, errors=errors)
               ^^^^^^^^^^^^^^^^^^^^^^^^^^^^^^^^
  File "/home/rayane/miniconda3/lib/python3.12/site-packages/pandas/core/indexes/base.py", line 6934, in drop
    raise KeyError(f"{list(labels[mask])} not found in axis")
KeyError: '[0] not found in axis'

----- Total Workflow Run-time: 347 seconds-----